[0.015s] Invoking command in '/root/sam_bot_description/src/joint_control/build/joint_control': CMAKE_PREFIX_PATH=/opt/ros/foxy /usr/bin/cmake --build /root/sam_bot_description/src/joint_control/build/joint_control -- -j16 -l16
[0.056s] [35m[1mScanning dependencies of target joint[0m
[0.084s] [ 50%] [32mBuilding CXX object CMakeFiles/joint.dir/src/joint_controller.cpp.o[0m
[1.075s] [01m[K/root/sam_bot_description/src/joint_control/src/joint_controller.cpp:149:8:[m[K [01;31m[Kerror: [m[Kâ€˜[01m[KtfMessage[m[Kâ€™ in namespace â€˜[01m[Ktf2[m[Kâ€™ does not name a type
[1.075s]   149 |   tf2::[01;31m[KtfMessage[m[K tf_msg_;
[1.076s]       |        [01;31m[K^~~~~~~~~[m[K
[1.076s] [01m[K/root/sam_bot_description/src/joint_control/src/joint_controller.cpp:150:3:[m[K [01;31m[Kerror: [m[Kâ€˜[01m[Kros[m[Kâ€™ does not name a type; did you mean â€˜[01m[Kcos[m[Kâ€™?
[1.076s]   150 |   [01;31m[Kros[m[K::NodeHandle n_;
[1.076s]       |   [01;31m[K^~~[m[K
[1.077s]       |   [32m[Kcos[m[K
[1.077s] [01m[K/root/sam_bot_description/src/joint_control/src/joint_controller.cpp:151:3:[m[K [01;31m[Kerror: [m[Kâ€˜[01m[Kros[m[Kâ€™ does not name a type; did you mean â€˜[01m[Kcos[m[Kâ€™?
[1.077s]   151 |   [01;31m[Kros[m[K::Publisher pub_;
[1.077s]       |   [01;31m[K^~~[m[K
[1.078s]       |   [32m[Kcos[m[K
[1.078s] [01m[K/root/sam_bot_description/src/joint_control/src/joint_controller.cpp:152:3:[m[K [01;31m[Kerror: [m[Kâ€˜[01m[Kros[m[Kâ€™ does not name a type; did you mean â€˜[01m[Kcos[m[Kâ€™?
[1.078s]   152 |   [01;31m[Kros[m[K::Publisher pub_odom_;
[1.079s]       |   [01;31m[K^~~[m[K
[1.079s]       |   [32m[Kcos[m[K
[1.079s] [01m[K/root/sam_bot_description/src/joint_control/src/joint_controller.cpp:153:3:[m[K [01;31m[Kerror: [m[Kâ€˜[01m[Kros[m[Kâ€™ does not name a type; did you mean â€˜[01m[Kcos[m[Kâ€™?
[1.079s]   153 |   [01;31m[Kros[m[K::Publisher pub_odom_tf;
[1.079s]       |   [01;31m[K^~~[m[K
[1.079s]       |   [32m[Kcos[m[K
[1.080s] [01m[K/root/sam_bot_description/src/joint_control/src/joint_controller.cpp:154:3:[m[K [01;31m[Kerror: [m[Kâ€˜[01m[Kros[m[Kâ€™ does not name a type; did you mean â€˜[01m[Kcos[m[Kâ€™?
[1.080s]   154 |   [01;31m[Kros[m[K::Subscriber sub_;
[1.080s]       |   [01;31m[K^~~[m[K
[1.080s]       |   [32m[Kcos[m[K
[1.080s] [01m[K/root/sam_bot_description/src/joint_control/src/joint_controller.cpp:155:3:[m[K [01;31m[Kerror: [m[Kâ€˜[01m[KOdometry[m[Kâ€™ does not name a type
[1.080s]   155 |   [01;31m[KOdometry[m[K odometry_;
[1.081s]       |   [01;31m[K^~~~~~~~[m[K
[1.082s] [01m[K/root/sam_bot_description/src/joint_control/src/joint_controller.cpp:[m[K In constructor â€˜[01m[KTwistToAackermann::TwistToAackermann()[m[Kâ€™:
[1.082s] [01m[K/root/sam_bot_description/src/joint_control/src/joint_controller.cpp:28:5:[m[K [01;31m[Kerror: [m[Kâ€˜[01m[Kpub_[m[Kâ€™ was not declared in this scope
[1.082s]    28 |     [01;31m[Kpub_[m[K = n_.advertise<sensor_msgs::msg::JointState>("/joint_state", 1);
[1.082s]       |     [01;31m[K^~~~[m[K
[1.083s] [01m[K/root/sam_bot_description/src/joint_control/src/joint_controller.cpp:28:12:[m[K [01;31m[Kerror: [m[Kâ€˜[01m[Kn_[m[Kâ€™ was not declared in this scope
[1.083s]    28 |     pub_ = [01;31m[Kn_[m[K.advertise<sensor_msgs::msg::JointState>("/joint_state", 1);
[1.083s]       |            [01;31m[K^~[m[K
[1.084s] [01m[K/root/sam_bot_description/src/joint_control/src/joint_controller.cpp:28:53:[m[K [01;31m[Kerror: [m[Kexpected primary-expression before â€˜[01m[K>[m[Kâ€™ token
[1.084s]    28 |     pub_ = n_.advertise<sensor_msgs::msg::JointState[01;31m[K>[m[K("/joint_state", 1);
[1.084s]       |                                                     [01;31m[K^[m[K
[1.084s] [01m[K/root/sam_bot_description/src/joint_control/src/joint_controller.cpp:28:55:[m[K [01;35m[Kwarning: [m[Kleft operand of comma operator has no effect [[01;35m[K-Wunused-value[m[K]
[1.084s]    28 |     pub_ = n_.advertise<sensor_msgs::msg::JointState>([01;35m[K"/joint_state"[m[K, 1);
[1.084s]       |                                                       [01;35m[K^~~~~~~~~~~~~~[m[K
[1.085s] [01m[K/root/sam_bot_description/src/joint_control/src/joint_controller.cpp:29:5:[m[K [01;31m[Kerror: [m[Kâ€˜[01m[Kpub_odom_[m[Kâ€™ was not declared in this scope
[1.085s]    29 |     [01;31m[Kpub_odom_[m[K  = n_.advertise<nav_msgs::msg::Odometry>("/odom",1);
[1.086s]       |     [01;31m[K^~~~~~~~~[m[K
[1.086s] [01m[K/root/sam_bot_description/src/joint_control/src/joint_controller.cpp:29:54:[m[K [01;31m[Kerror: [m[Kexpected primary-expression before â€˜[01m[K>[m[Kâ€™ token
[1.086s]    29 |     pub_odom_  = n_.advertise<nav_msgs::msg::Odometry[01;31m[K>[m[K("/odom",1);
[1.086s]       |                                                      [01;31m[K^[m[K
[1.086s] [01m[K/root/sam_bot_description/src/joint_control/src/joint_controller.cpp:29:56:[m[K [01;35m[Kwarning: [m[Kleft operand of comma operator has no effect [[01;35m[K-Wunused-value[m[K]
[1.086s]    29 |     pub_odom_  = n_.advertise<nav_msgs::msg::Odometry>([01;35m[K"/odom"[m[K,1);
[1.086s]       |                                                        [01;35m[K^~~~~~~[m[K
[1.088s] [01m[K/root/sam_bot_description/src/joint_control/src/joint_controller.cpp:30:5:[m[K [01;31m[Kerror: [m[Kâ€˜[01m[Kpub_odom_tf_[m[Kâ€™ was not declared in this scope
[1.088s]    30 |     [01;31m[Kpub_odom_tf_[m[K = n_.advertise<tf::tfMessage>("/odom_tf",1);
[1.088s]       |     [01;31m[K^~~~~~~~~~~~[m[K
[1.088s] [01m[K/root/sam_bot_description/src/joint_control/src/joint_controller.cpp:30:33:[m[K [01;31m[Kerror: [m[Kâ€˜[01m[Ktf[m[Kâ€™ has not been declared
[1.088s]    30 |     pub_odom_tf_ = n_.advertise<[01;31m[Ktf[m[K::tfMessage>("/odom_tf",1);
[1.089s]       |                                 [01;31m[K^~[m[K
[1.089s] [01m[K/root/sam_bot_description/src/joint_control/src/joint_controller.cpp:30:48:[m[K [01;35m[Kwarning: [m[Kleft operand of comma operator has no effect [[01;35m[K-Wunused-value[m[K]
[1.089s]    30 |     pub_odom_tf_ = n_.advertise<tf::tfMessage>([01;35m[K"/odom_tf"[m[K,1);
[1.089s]       |                                                [01;35m[K^~~~~~~~~~[m[K
[1.089s] [01m[K/root/sam_bot_description/src/joint_control/src/joint_controller.cpp:31:5:[m[K [01;31m[Kerror: [m[Kâ€˜[01m[Kjoint[m[Kâ€™ was not declared in this scope
[1.090s]    31 |     [01;31m[Kjoint[m[K.header.frame_id = std::string("");
[1.090s]       |     [01;31m[K^~~~~[m[K
[1.091s] [01m[K/root/sam_bot_description/src/joint_control/src/joint_controller.cpp:44:6:[m[K [01;31m[Kerror: [m[Kâ€˜[01m[Kodometry_[m[Kâ€™ was not declared in this scope
[1.092s]    44 |      [01;31m[Kodometry_[m[K.setVelocityRollingWindowSize(10);
[1.092s]       |      [01;31m[K^~~~~~~~~[m[K
[1.093s] [01m[K/root/sam_bot_description/src/joint_control/src/joint_controller.cpp:69:5:[m[K [01;31m[Kerror: [m[Kâ€˜[01m[Ktf_msg_[m[Kâ€™ was not declared in this scope; did you mean â€˜[01m[Kmsg_[m[Kâ€™?
[1.094s]    69 |     [01;31m[Ktf_msg_[m[K.transforms.resize(1);
[1.094s]       |     [01;31m[K^~~~~~~[m[K
[1.094s]       |     [32m[Kmsg_[m[K
[1.096s] [01m[K/root/sam_bot_description/src/joint_control/src/joint_controller.cpp:71:44:[m[K [01;31m[Kerror: [m[Kâ€˜[01m[Kbase_frame_id_[m[Kâ€™ was not declared in this scope
[1.096s]    71 |     tf_msg_.transforms[0].child_frame_id = [01;31m[Kbase_frame_id_[m[K;
[1.097s]       |                                            [01;31m[K^~~~~~~~~~~~~~[m[K
[1.099s] [01m[K/root/sam_bot_description/src/joint_control/src/joint_controller.cpp:72:45:[m[K [01;31m[Kerror: [m[Kâ€˜[01m[Kodom_frame_id_[m[Kâ€™ was not declared in this scope
[1.099s]    72 |     tf_msg_.transforms[0].header.frame_id = [01;31m[Kodom_frame_id_[m[K;
[1.099s]       |                                             [01;31m[K^~~~~~~~~~~~~~[m[K
[1.100s] [01m[K/root/sam_bot_description/src/joint_control/src/joint_controller.cpp:74:5:[m[K [01;31m[Kerror: [m[Kâ€˜[01m[Ksub_[m[Kâ€™ was not declared in this scope
[1.100s]    74 |     [01;31m[Ksub_[m[K = n_.subscribe("/cmd_vel", 1, &TwistToAackermann::callback, this);
[1.100s]       |     [01;31m[K^~~~[m[K
[1.101s] [01m[K/root/sam_bot_description/src/joint_control/src/joint_controller.cpp:[m[K In member function â€˜[01m[Kvoid TwistToAackermann::callback(const Twist&)[m[Kâ€™:
[1.101s] [01m[K/root/sam_bot_description/src/joint_control/src/joint_controller.cpp:81:18:[m[K [01;31m[Kerror: [m[Kâ€˜[01m[KJointState[m[Kâ€™ is not a member of â€˜[01m[Ksensor_msgs[m[Kâ€™; did you mean â€˜[01m[Ksensor_msgs::msg::JointState[m[Kâ€™?
[1.101s]    81 |     sensor_msgs::[01;31m[KJointState[m[K joint;
[1.101s]       |                  [01;31m[K^~~~~~~~~~[m[K
[1.101s] In file included from [01m[K/opt/ros/foxy/include/sensor_msgs/msg/joint_state.hpp:7[m[K,
[1.102s]                  from [01m[K/root/sam_bot_description/src/joint_control/src/joint_controller.cpp:4[m[K:
[1.102s] [01m[K/opt/ros/foxy/include/sensor_msgs/msg/detail/joint_state__struct.hpp:166:7:[m[K [01;36m[Knote: [m[Kâ€˜[01m[Ksensor_msgs::msg::JointState[m[Kâ€™ declared here
[1.102s]   166 | using [01;36m[KJointState[m[K =
[1.102s]       |       [01;36m[K^~~~~~~~~~[m[K
[1.103s] [01m[K/root/sam_bot_description/src/joint_control/src/joint_controller.cpp:91:5:[m[K [01;31m[Kerror: [m[Kâ€˜[01m[Kjoint[m[Kâ€™ was not declared in this scope
[1.103s]    91 |     [01;31m[Kjoint[m[K.header.stamp = ros::Time::now();
[1.103s]       |     [01;31m[K^~~~~[m[K
[1.103s] [01m[K/root/sam_bot_description/src/joint_control/src/joint_controller.cpp:91:26:[m[K [01;31m[Kerror: [m[Kâ€˜[01m[Kros[m[Kâ€™ has not been declared
[1.103s]    91 |     joint.header.stamp = [01;31m[Kros[m[K::Time::now();
[1.103s]       |                          [01;31m[K^~~[m[K
[1.105s] [01m[K/root/sam_bot_description/src/joint_control/src/joint_controller.cpp:101:7:[m[K [01;31m[Kerror: [m[Kâ€˜[01m[KROS_DEBUG[m[Kâ€™ was not declared in this scope
[1.105s]   101 |       [01;31m[KROS_DEBUG[m[K("%f\n", r);
[1.105s]       |       [01;31m[K^~~~~~~~~[m[K
[1.105s] [01m[K/root/sam_bot_description/src/joint_control/src/joint_controller.cpp:105:29:[m[K [01;31m[Kerror: [m[Kexpected primary-expression before â€˜[01m[K/[m[Kâ€™ token
[1.105s]   105 |       lwh = atan(actualBase+[01;31m[K/[m[K(r-(track/2)));
[1.106s]       |                             [01;31m[K^[m[K
[1.107s] [01m[K/root/sam_bot_description/src/joint_control/src/joint_controller.cpp:117:5:[m[K [01;31m[Kerror: [m[Kâ€˜[01m[Kodometry_[m[Kâ€™ was not declared in this scope
[1.107s]   117 |     [01;31m[Kodometry_[m[K.updateOpenLoop(msg.linear.x, msg.angular.z, joint.header.stamp);
[1.107s]       |     [01;31m[K^~~~~~~~~[m[K
[1.107s] [01m[K/root/sam_bot_description/src/joint_control/src/joint_controller.cpp:120:26:[m[K [01;31m[Kerror: [m[Kâ€˜[01m[KQuaternion[m[Kâ€™ in namespace â€˜[01m[Kgeometry_msgs[m[Kâ€™ does not name a type
[1.108s]   120 |     const geometry_msgs::[01;31m[KQuaternion[m[K orientation(
[1.108s]       |                          [01;31m[K^~~~~~~~~~[m[K
[1.110s] [01m[K/root/sam_bot_description/src/joint_control/src/joint_controller.cpp:125:37:[m[K [01;31m[Kerror: [m[Kâ€˜[01m[Korientation[m[Kâ€™ was not declared in this scope
[1.110s]   125 |        msg_.pose.pose.orientation = [01;31m[Korientation[m[K;
[1.110s]       |                                     [01;31m[K^~~~~~~~~~~[m[K
[1.110s] [01m[K/root/sam_bot_description/src/joint_control/src/joint_controller.cpp:132:18:[m[K [01;31m[Kerror: [m[Kâ€˜[01m[KTransformStamped[m[Kâ€™ is not a member of â€˜[01m[Kgeometry_msgs[m[Kâ€™
[1.111s]   132 |   geometry_msgs::[01;31m[KTransformStamped[m[K& odom_frame = tf_msg_.transforms[0];
[1.111s]       |                  [01;31m[K^~~~~~~~~~~~~~~~[m[K
[1.113s] [01m[K/root/sam_bot_description/src/joint_control/src/joint_controller.cpp:132:36:[m[K [01;31m[Kerror: [m[Kâ€˜[01m[Kodom_frame[m[Kâ€™ was not declared in this scope
[1.113s]   132 |   geometry_msgs::TransformStamped& [01;31m[Kodom_frame[m[K = tf_msg_.transforms[0];
[1.113s]       |                                    [01;31m[K^~~~~~~~~~[m[K
[1.114s] [01m[K/root/sam_bot_description/src/joint_control/src/joint_controller.cpp:132:49:[m[K [01;31m[Kerror: [m[Kâ€˜[01m[Ktf_msg_[m[Kâ€™ was not declared in this scope; did you mean â€˜[01m[Kmsg_[m[Kâ€™?
[1.115s]   132 |   geometry_msgs::TransformStamped& odom_frame = [01;31m[Ktf_msg_[m[K.transforms[0];
[1.115s]       |                                                 [01;31m[K^~~~~~~[m[K
[1.115s]       |                                                 [32m[Kmsg_[m[K
[1.117s] [01m[K/root/sam_bot_description/src/joint_control/src/joint_controller.cpp:141:5:[m[K [01;31m[Kerror: [m[Kâ€˜[01m[KROS_DEBUG[m[Kâ€™ was not declared in this scope
[1.117s]   141 |     [01;31m[KROS_DEBUG[m[K("Test");
[1.117s]       |     [01;31m[K^~~~~~~~~[m[K
[1.119s] [01m[K/root/sam_bot_description/src/joint_control/src/joint_controller.cpp:144:5:[m[K [01;31m[Kerror: [m[Kâ€˜[01m[Kpub_odom_[m[Kâ€™ was not declared in this scope
[1.119s]   144 |     [01;31m[Kpub_odom_[m[K.publish(msg_);
[1.119s]       |     [01;31m[K^~~~~~~~~[m[K
[1.121s] [01m[K/root/sam_bot_description/src/joint_control/src/joint_controller.cpp:145:5:[m[K [01;31m[Kerror: [m[Kâ€˜[01m[Kpub_odom_tf_[m[Kâ€™ was not declared in this scope
[1.121s]   145 |     [01;31m[Kpub_odom_tf_[m[K.publish(tf_msg_);
[1.122s]       |     [01;31m[K^~~~~~~~~~~~[m[K
[1.123s] [01m[K/root/sam_bot_description/src/joint_control/src/joint_controller.cpp:145:26:[m[K [01;31m[Kerror: [m[Kâ€˜[01m[Ktf_msg_[m[Kâ€™ was not declared in this scope; did you mean â€˜[01m[Kmsg_[m[Kâ€™?
[1.123s]   145 |     pub_odom_tf_.publish([01;31m[Ktf_msg_[m[K);
[1.123s]       |                          [01;31m[K^~~~~~~[m[K
[1.123s]       |                          [32m[Kmsg_[m[K
[1.124s] [01m[K/root/sam_bot_description/src/joint_control/src/joint_controller.cpp:146:5:[m[K [01;31m[Kerror: [m[Kâ€˜[01m[Kpub_[m[Kâ€™ was not declared in this scope
[1.125s]   146 |     [01;31m[Kpub_[m[K.publish(joint);
[1.125s]       |     [01;31m[K^~~~[m[K
[1.125s] [01m[K/root/sam_bot_description/src/joint_control/src/joint_controller.cpp:[m[K In function â€˜[01m[Kint main(int, char**)[m[Kâ€™:
[1.125s] [01m[K/root/sam_bot_description/src/joint_control/src/joint_controller.cpp:162:3:[m[K [01;31m[Kerror: [m[Kâ€˜[01m[Kros[m[Kâ€™ has not been declared
[1.125s]   162 |   [01;31m[Kros[m[K::init(argc, argv, "twist_to_ackermann");
[1.125s]       |   [01;31m[K^~~[m[K
[1.126s] [01m[K/root/sam_bot_description/src/joint_control/src/joint_controller.cpp:165:3:[m[K [01;31m[Kerror: [m[Kâ€˜[01m[Kros[m[Kâ€™ has not been declared
[1.126s]   165 |   [01;31m[Kros[m[K::spin();
[1.126s]       |   [01;31m[K^~~[m[K
[1.392s] make[2]: *** [CMakeFiles/joint.dir/build.make:63: CMakeFiles/joint.dir/src/joint_controller.cpp.o] Error 1
[1.393s] make[1]: *** [CMakeFiles/Makefile2:78: CMakeFiles/joint.dir/all] Error 2
[1.393s] make: *** [Makefile:141: all] Error 2
[1.396s] Invoked command in '/root/sam_bot_description/src/joint_control/build/joint_control' returned '2': CMAKE_PREFIX_PATH=/opt/ros/foxy /usr/bin/cmake --build /root/sam_bot_description/src/joint_control/build/joint_control -- -j16 -l16
