[01m[K/root/sam_bot_description/src/joint_control/src/joint_controller.cpp:151:3:[m[K [01;31m[Kerror: [m[Kâ€˜[01m[Kros[m[Kâ€™ does not name a type; did you mean â€˜[01m[Kcos[m[Kâ€™?
  151 |   [01;31m[Kros[m[K::NodeHandle n_;
      |   [01;31m[K^~~[m[K
      |   [32m[Kcos[m[K
[01m[K/root/sam_bot_description/src/joint_control/src/joint_controller.cpp:152:3:[m[K [01;31m[Kerror: [m[Kâ€˜[01m[Kros[m[Kâ€™ does not name a type; did you mean â€˜[01m[Kcos[m[Kâ€™?
  152 |   [01;31m[Kros[m[K::Publisher pub_;
      |   [01;31m[K^~~[m[K
      |   [32m[Kcos[m[K
[01m[K/root/sam_bot_description/src/joint_control/src/joint_controller.cpp:153:3:[m[K [01;31m[Kerror: [m[Kâ€˜[01m[Kros[m[Kâ€™ does not name a type; did you mean â€˜[01m[Kcos[m[Kâ€™?
  153 |   [01;31m[Kros[m[K::Publisher pub_odom_;
      |   [01;31m[K^~~[m[K
      |   [32m[Kcos[m[K
[01m[K/root/sam_bot_description/src/joint_control/src/joint_controller.cpp:154:3:[m[K [01;31m[Kerror: [m[Kâ€˜[01m[Kros[m[Kâ€™ does not name a type; did you mean â€˜[01m[Kcos[m[Kâ€™?
  154 |   [01;31m[Kros[m[K::Publisher pub_odom_tf;
      |   [01;31m[K^~~[m[K
      |   [32m[Kcos[m[K
[01m[K/root/sam_bot_description/src/joint_control/src/joint_controller.cpp:155:3:[m[K [01;31m[Kerror: [m[Kâ€˜[01m[Kros[m[Kâ€™ does not name a type; did you mean â€˜[01m[Kcos[m[Kâ€™?
  155 |   [01;31m[Kros[m[K::Subscriber sub_;
      |   [01;31m[K^~~[m[K
      |   [32m[Kcos[m[K
[01m[K/root/sam_bot_description/src/joint_control/src/joint_controller.cpp:156:3:[m[K [01;31m[Kerror: [m[Kâ€˜[01m[KOdometry[m[Kâ€™ does not name a type
  156 |   [01;31m[KOdometry[m[K odometry_;
      |   [01;31m[K^~~~~~~~[m[K
[01m[K/root/sam_bot_description/src/joint_control/src/joint_controller.cpp:[m[K In constructor â€˜[01m[KTwistToAackermann::TwistToAackermann()[m[Kâ€™:
[01m[K/root/sam_bot_description/src/joint_control/src/joint_controller.cpp:29:5:[m[K [01;31m[Kerror: [m[Kâ€˜[01m[Kpub_[m[Kâ€™ was not declared in this scope
   29 |     [01;31m[Kpub_[m[K = n_.advertise<sensor_msgs::msg::JointState>("/joint_state", 1);
      |     [01;31m[K^~~~[m[K
[01m[K/root/sam_bot_description/src/joint_control/src/joint_controller.cpp:29:12:[m[K [01;31m[Kerror: [m[Kâ€˜[01m[Kn_[m[Kâ€™ was not declared in this scope
   29 |     pub_ = [01;31m[Kn_[m[K.advertise<sensor_msgs::msg::JointState>("/joint_state", 1);
      |            [01;31m[K^~[m[K
[01m[K/root/sam_bot_description/src/joint_control/src/joint_controller.cpp:29:53:[m[K [01;31m[Kerror: [m[Kexpected primary-expression before â€˜[01m[K>[m[Kâ€™ token
   29 |     pub_ = n_.advertise<sensor_msgs::msg::JointState[01;31m[K>[m[K("/joint_state", 1);
      |                                                     [01;31m[K^[m[K
[01m[K/root/sam_bot_description/src/joint_control/src/joint_controller.cpp:29:55:[m[K [01;35m[Kwarning: [m[Kleft operand of comma operator has no effect [[01;35m[K-Wunused-value[m[K]
   29 |     pub_ = n_.advertise<sensor_msgs::msg::JointState>([01;35m[K"/joint_state"[m[K, 1);
      |                                                       [01;35m[K^~~~~~~~~~~~~~[m[K
[01m[K/root/sam_bot_description/src/joint_control/src/joint_controller.cpp:30:5:[m[K [01;31m[Kerror: [m[Kâ€˜[01m[Kpub_odom_[m[Kâ€™ was not declared in this scope
   30 |     [01;31m[Kpub_odom_[m[K  = n_.advertise<nav_msgs::msg::Odometry>("/odom",1);
      |     [01;31m[K^~~~~~~~~[m[K
[01m[K/root/sam_bot_description/src/joint_control/src/joint_controller.cpp:30:54:[m[K [01;31m[Kerror: [m[Kexpected primary-expression before â€˜[01m[K>[m[Kâ€™ token
   30 |     pub_odom_  = n_.advertise<nav_msgs::msg::Odometry[01;31m[K>[m[K("/odom",1);
      |                                                      [01;31m[K^[m[K
[01m[K/root/sam_bot_description/src/joint_control/src/joint_controller.cpp:30:56:[m[K [01;35m[Kwarning: [m[Kleft operand of comma operator has no effect [[01;35m[K-Wunused-value[m[K]
   30 |     pub_odom_  = n_.advertise<nav_msgs::msg::Odometry>([01;35m[K"/odom"[m[K,1);
      |                                                        [01;35m[K^~~~~~~[m[K
[01m[K/root/sam_bot_description/src/joint_control/src/joint_controller.cpp:31:5:[m[K [01;31m[Kerror: [m[Kâ€˜[01m[Kpub_odom_tf_[m[Kâ€™ was not declared in this scope
   31 |     [01;31m[Kpub_odom_tf_[m[K = n_.advertise<tf::tfMessage>("/odom_tf",1);
      |     [01;31m[K^~~~~~~~~~~~[m[K
[01m[K/root/sam_bot_description/src/joint_control/src/joint_controller.cpp:31:33:[m[K [01;31m[Kerror: [m[Kâ€˜[01m[Ktf[m[Kâ€™ has not been declared
   31 |     pub_odom_tf_ = n_.advertise<[01;31m[Ktf[m[K::tfMessage>("/odom_tf",1);
      |                                 [01;31m[K^~[m[K
[01m[K/root/sam_bot_description/src/joint_control/src/joint_controller.cpp:31:48:[m[K [01;35m[Kwarning: [m[Kleft operand of comma operator has no effect [[01;35m[K-Wunused-value[m[K]
   31 |     pub_odom_tf_ = n_.advertise<tf::tfMessage>([01;35m[K"/odom_tf"[m[K,1);
      |                                                [01;35m[K^~~~~~~~~~[m[K
[01m[K/root/sam_bot_description/src/joint_control/src/joint_controller.cpp:32:5:[m[K [01;31m[Kerror: [m[Kâ€˜[01m[Kjoint[m[Kâ€™ was not declared in this scope
   32 |     [01;31m[Kjoint[m[K.header.frame_id = std::string("");
      |     [01;31m[K^~~~~[m[K
[01m[K/root/sam_bot_description/src/joint_control/src/joint_controller.cpp:45:6:[m[K [01;31m[Kerror: [m[Kâ€˜[01m[Kodometry_[m[Kâ€™ was not declared in this scope
   45 |      [01;31m[Kodometry_[m[K.setVelocityRollingWindowSize(10);
      |      [01;31m[K^~~~~~~~~[m[K
[01m[K/root/sam_bot_description/src/joint_control/src/joint_controller.cpp:72:44:[m[K [01;31m[Kerror: [m[Kâ€˜[01m[Kbase_frame_id_[m[Kâ€™ was not declared in this scope
   72 |     tf_msg_.transforms[0].child_frame_id = [01;31m[Kbase_frame_id_[m[K;
      |                                            [01;31m[K^~~~~~~~~~~~~~[m[K
[01m[K/root/sam_bot_description/src/joint_control/src/joint_controller.cpp:73:45:[m[K [01;31m[Kerror: [m[Kâ€˜[01m[Kodom_frame_id_[m[Kâ€™ was not declared in this scope
   73 |     tf_msg_.transforms[0].header.frame_id = [01;31m[Kodom_frame_id_[m[K;
      |                                             [01;31m[K^~~~~~~~~~~~~~[m[K
[01m[K/root/sam_bot_description/src/joint_control/src/joint_controller.cpp:75:5:[m[K [01;31m[Kerror: [m[Kâ€˜[01m[Ksub_[m[Kâ€™ was not declared in this scope
   75 |     [01;31m[Ksub_[m[K = n_.subscribe("/cmd_vel", 1, &TwistToAackermann::callback, this);
      |     [01;31m[K^~~~[m[K
[01m[K/root/sam_bot_description/src/joint_control/src/joint_controller.cpp:[m[K In member function â€˜[01m[Kvoid TwistToAackermann::callback(const Twist&)[m[Kâ€™:
[01m[K/root/sam_bot_description/src/joint_control/src/joint_controller.cpp:82:18:[m[K [01;31m[Kerror: [m[Kâ€˜[01m[KJointState[m[Kâ€™ is not a member of â€˜[01m[Ksensor_msgs[m[Kâ€™; did you mean â€˜[01m[Ksensor_msgs::msg::JointState[m[Kâ€™?
   82 |     sensor_msgs::[01;31m[KJointState[m[K joint;
      |                  [01;31m[K^~~~~~~~~~[m[K
In file included from [01m[K/opt/ros/foxy/include/sensor_msgs/msg/joint_state.hpp:7[m[K,
                 from [01m[K/root/sam_bot_description/src/joint_control/src/joint_controller.cpp:4[m[K:
[01m[K/opt/ros/foxy/include/sensor_msgs/msg/detail/joint_state__struct.hpp:166:7:[m[K [01;36m[Knote: [m[Kâ€˜[01m[Ksensor_msgs::msg::JointState[m[Kâ€™ declared here
  166 | using [01;36m[KJointState[m[K =
      |       [01;36m[K^~~~~~~~~~[m[K
[01m[K/root/sam_bot_description/src/joint_control/src/joint_controller.cpp:92:5:[m[K [01;31m[Kerror: [m[Kâ€˜[01m[Kjoint[m[Kâ€™ was not declared in this scope
   92 |     [01;31m[Kjoint[m[K.header.stamp = ros::Time::now();
      |     [01;31m[K^~~~~[m[K
[01m[K/root/sam_bot_description/src/joint_control/src/joint_controller.cpp:92:26:[m[K [01;31m[Kerror: [m[Kâ€˜[01m[Kros[m[Kâ€™ has not been declared
   92 |     joint.header.stamp = [01;31m[Kros[m[K::Time::now();
      |                          [01;31m[K^~~[m[K
[01m[K/root/sam_bot_description/src/joint_control/src/joint_controller.cpp:102:7:[m[K [01;31m[Kerror: [m[Kâ€˜[01m[KROS_DEBUG[m[Kâ€™ was not declared in this scope
  102 |       [01;31m[KROS_DEBUG[m[K("%f\n", r);
      |       [01;31m[K^~~~~~~~~[m[K
[01m[K/root/sam_bot_description/src/joint_control/src/joint_controller.cpp:106:29:[m[K [01;31m[Kerror: [m[Kexpected primary-expression before â€˜[01m[K/[m[Kâ€™ token
  106 |       lwh = atan(actualBase+[01;31m[K/[m[K(r-(track/2)));
      |                             [01;31m[K^[m[K
[01m[K/root/sam_bot_description/src/joint_control/src/joint_controller.cpp:118:5:[m[K [01;31m[Kerror: [m[Kâ€˜[01m[Kodometry_[m[Kâ€™ was not declared in this scope
  118 |     [01;31m[Kodometry_[m[K.updateOpenLoop(msg.linear.x, msg.angular.z, joint.header.stamp);
      |     [01;31m[K^~~~~~~~~[m[K
[01m[K/root/sam_bot_description/src/joint_control/src/joint_controller.cpp:121:26:[m[K [01;31m[Kerror: [m[Kâ€˜[01m[KQuaternion[m[Kâ€™ in namespace â€˜[01m[Kgeometry_msgs[m[Kâ€™ does not name a type
  121 |     const geometry_msgs::[01;31m[KQuaternion[m[K orientation(
      |                          [01;31m[K^~~~~~~~~~[m[K
[01m[K/root/sam_bot_description/src/joint_control/src/joint_controller.cpp:126:37:[m[K [01;31m[Kerror: [m[Kâ€˜[01m[Korientation[m[Kâ€™ was not declared in this scope
  126 |        msg_.pose.pose.orientation = [01;31m[Korientation[m[K;
      |                                     [01;31m[K^~~~~~~~~~~[m[K
[01m[K/root/sam_bot_description/src/joint_control/src/joint_controller.cpp:133:18:[m[K [01;31m[Kerror: [m[Kâ€˜[01m[KTransformStamped[m[Kâ€™ is not a member of â€˜[01m[Kgeometry_msgs[m[Kâ€™; did you mean â€˜[01m[Kgeometry_msgs::msg::TransformStamped[m[Kâ€™?
  133 |   geometry_msgs::[01;31m[KTransformStamped[m[K& odom_frame = tf_msg_.transforms[0];
      |                  [01;31m[K^~~~~~~~~~~~~~~~[m[K
In file included from [01m[K/opt/ros/foxy/include/tf2_msgs/msg/detail/tf_message__struct.hpp:19[m[K,
                 from [01m[K/opt/ros/foxy/include/tf2_msgs/msg/tf_message.hpp:7[m[K,
                 from [01m[K/root/sam_bot_description/src/joint_control/src/joint_controller.cpp:7[m[K:
[01m[K/opt/ros/foxy/include/geometry_msgs/msg/detail/transform_stamped__struct.hpp:155:7:[m[K [01;36m[Knote: [m[Kâ€˜[01m[Kgeometry_msgs::msg::TransformStamped[m[Kâ€™ declared here
  155 | using [01;36m[KTransformStamped[m[K =
      |       [01;36m[K^~~~~~~~~~~~~~~~[m[K
[01m[K/root/sam_bot_description/src/joint_control/src/joint_controller.cpp:133:36:[m[K [01;31m[Kerror: [m[Kâ€˜[01m[Kodom_frame[m[Kâ€™ was not declared in this scope
  133 |   geometry_msgs::TransformStamped& [01;31m[Kodom_frame[m[K = tf_msg_.transforms[0];
      |                                    [01;31m[K^~~~~~~~~~[m[K
[01m[K/root/sam_bot_description/src/joint_control/src/joint_controller.cpp:142:5:[m[K [01;31m[Kerror: [m[Kâ€˜[01m[KROS_DEBUG[m[Kâ€™ was not declared in this scope
  142 |     [01;31m[KROS_DEBUG[m[K("Test");
      |     [01;31m[K^~~~~~~~~[m[K
[01m[K/root/sam_bot_description/src/joint_control/src/joint_controller.cpp:145:5:[m[K [01;31m[Kerror: [m[Kâ€˜[01m[Kpub_odom_[m[Kâ€™ was not declared in this scope
  145 |     [01;31m[Kpub_odom_[m[K.publish(msg_);
      |     [01;31m[K^~~~~~~~~[m[K
[01m[K/root/sam_bot_description/src/joint_control/src/joint_controller.cpp:146:5:[m[K [01;31m[Kerror: [m[Kâ€˜[01m[Kpub_odom_tf_[m[Kâ€™ was not declared in this scope
  146 |     [01;31m[Kpub_odom_tf_[m[K.publish(tf_msg_);
      |     [01;31m[K^~~~~~~~~~~~[m[K
[01m[K/root/sam_bot_description/src/joint_control/src/joint_controller.cpp:147:5:[m[K [01;31m[Kerror: [m[Kâ€˜[01m[Kpub_[m[Kâ€™ was not declared in this scope
  147 |     [01;31m[Kpub_[m[K.publish(joint);
      |     [01;31m[K^~~~[m[K
[01m[K/root/sam_bot_description/src/joint_control/src/joint_controller.cpp:[m[K In function â€˜[01m[Kint main(int, char**)[m[Kâ€™:
[01m[K/root/sam_bot_description/src/joint_control/src/joint_controller.cpp:163:3:[m[K [01;31m[Kerror: [m[Kâ€˜[01m[Kros[m[Kâ€™ has not been declared
  163 |   [01;31m[Kros[m[K::init(argc, argv, "twist_to_ackermann");
      |   [01;31m[K^~~[m[K
[01m[K/root/sam_bot_description/src/joint_control/src/joint_controller.cpp:166:3:[m[K [01;31m[Kerror: [m[Kâ€˜[01m[Kros[m[Kâ€™ has not been declared
  166 |   [01;31m[Kros[m[K::spin();
      |   [01;31m[K^~~[m[K
make[2]: *** [CMakeFiles/joint.dir/build.make:63: CMakeFiles/joint.dir/src/joint_controller.cpp.o] Error 1
make[1]: *** [CMakeFiles/Makefile2:78: CMakeFiles/joint.dir/all] Error 2
make: *** [Makefile:141: all] Error 2
