[0.015s] Invoking command in '/root/sam_bot_description/src/joint_control/build/joint_control': CMAKE_PREFIX_PATH=/opt/ros/foxy /usr/bin/cmake --build /root/sam_bot_description/src/joint_control/build/joint_control -- -j16 -l16
[0.057s] [35m[1mScanning dependencies of target joint[0m
[0.101s] [ 50%] [32mBuilding CXX object CMakeFiles/joint.dir/src/joint_controller.cpp.o[0m
[1.150s] [01m[K/root/sam_bot_description/src/joint_control/src/joint_controller.cpp:149:3:[m[K [01;31m[Kerror: [m[Kâ€˜[01m[Ktf[m[Kâ€™ does not name a type; did you mean â€˜[01m[Ktm[m[Kâ€™?
[1.150s]   149 |   [01;31m[Ktf[m[K::tfMessage tf_msg_;
[1.150s]       |   [01;31m[K^~[m[K
[1.150s]       |   [32m[Ktm[m[K
[1.151s] [01m[K/root/sam_bot_description/src/joint_control/src/joint_controller.cpp:150:3:[m[K [01;31m[Kerror: [m[Kâ€˜[01m[Kros[m[Kâ€™ does not name a type; did you mean â€˜[01m[Kcos[m[Kâ€™?
[1.151s]   150 |   [01;31m[Kros[m[K::NodeHandle n_;
[1.151s]       |   [01;31m[K^~~[m[K
[1.151s]       |   [32m[Kcos[m[K
[1.152s] [01m[K/root/sam_bot_description/src/joint_control/src/joint_controller.cpp:151:3:[m[K [01;31m[Kerror: [m[Kâ€˜[01m[Kros[m[Kâ€™ does not name a type; did you mean â€˜[01m[Kcos[m[Kâ€™?
[1.152s]   151 |   [01;31m[Kros[m[K::Publisher pub_;
[1.152s]       |   [01;31m[K^~~[m[K
[1.153s]       |   [32m[Kcos[m[K
[1.153s] [01m[K/root/sam_bot_description/src/joint_control/src/joint_controller.cpp:152:3:[m[K [01;31m[Kerror: [m[Kâ€˜[01m[Kros[m[Kâ€™ does not name a type; did you mean â€˜[01m[Kcos[m[Kâ€™?
[1.154s]   152 |   [01;31m[Kros[m[K::Publisher pub_odom_;
[1.154s]       |   [01;31m[K^~~[m[K
[1.154s]       |   [32m[Kcos[m[K
[1.155s] [01m[K/root/sam_bot_description/src/joint_control/src/joint_controller.cpp:153:3:[m[K [01;31m[Kerror: [m[Kâ€˜[01m[Kros[m[Kâ€™ does not name a type; did you mean â€˜[01m[Kcos[m[Kâ€™?
[1.155s]   153 |   [01;31m[Kros[m[K::Publisher pub_odom_tf;
[1.155s]       |   [01;31m[K^~~[m[K
[1.155s]       |   [32m[Kcos[m[K
[1.156s] [01m[K/root/sam_bot_description/src/joint_control/src/joint_controller.cpp:154:3:[m[K [01;31m[Kerror: [m[Kâ€˜[01m[Kros[m[Kâ€™ does not name a type; did you mean â€˜[01m[Kcos[m[Kâ€™?
[1.156s]   154 |   [01;31m[Kros[m[K::Subscriber sub_;
[1.156s]       |   [01;31m[K^~~[m[K
[1.156s]       |   [32m[Kcos[m[K
[1.157s] [01m[K/root/sam_bot_description/src/joint_control/src/joint_controller.cpp:155:3:[m[K [01;31m[Kerror: [m[Kâ€˜[01m[KOdometry[m[Kâ€™ does not name a type
[1.158s]   155 |   [01;31m[KOdometry[m[K odometry_;
[1.158s]       |   [01;31m[K^~~~~~~~[m[K
[1.159s] [01m[K/root/sam_bot_description/src/joint_control/src/joint_controller.cpp:[m[K In constructor â€˜[01m[KTwistToAackermann::TwistToAackermann()[m[Kâ€™:
[1.159s] [01m[K/root/sam_bot_description/src/joint_control/src/joint_controller.cpp:28:5:[m[K [01;31m[Kerror: [m[Kâ€˜[01m[Kpub_[m[Kâ€™ was not declared in this scope
[1.159s]    28 |     [01;31m[Kpub_[m[K = n_.advertise<sensor_msgs::msg::JointState>("/joint_state", 1);
[1.159s]       |     [01;31m[K^~~~[m[K
[1.160s] [01m[K/root/sam_bot_description/src/joint_control/src/joint_controller.cpp:28:12:[m[K [01;31m[Kerror: [m[Kâ€˜[01m[Kn_[m[Kâ€™ was not declared in this scope
[1.160s]    28 |     pub_ = [01;31m[Kn_[m[K.advertise<sensor_msgs::msg::JointState>("/joint_state", 1);
[1.161s]       |            [01;31m[K^~[m[K
[1.161s] [01m[K/root/sam_bot_description/src/joint_control/src/joint_controller.cpp:28:53:[m[K [01;31m[Kerror: [m[Kexpected primary-expression before â€˜[01m[K>[m[Kâ€™ token
[1.161s]    28 |     pub_ = n_.advertise<sensor_msgs::msg::JointState[01;31m[K>[m[K("/joint_state", 1);
[1.161s]       |                                                     [01;31m[K^[m[K
[1.161s] [01m[K/root/sam_bot_description/src/joint_control/src/joint_controller.cpp:28:55:[m[K [01;35m[Kwarning: [m[Kleft operand of comma operator has no effect [[01;35m[K-Wunused-value[m[K]
[1.161s]    28 |     pub_ = n_.advertise<sensor_msgs::msg::JointState>([01;35m[K"/joint_state"[m[K, 1);
[1.161s]       |                                                       [01;35m[K^~~~~~~~~~~~~~[m[K
[1.163s] [01m[K/root/sam_bot_description/src/joint_control/src/joint_controller.cpp:29:5:[m[K [01;31m[Kerror: [m[Kâ€˜[01m[Kpub_odom_[m[Kâ€™ was not declared in this scope
[1.163s]    29 |     [01;31m[Kpub_odom_[m[K  = n_.advertise<nav_msgs::msg::Odometry>("/odom",1);
[1.163s]       |     [01;31m[K^~~~~~~~~[m[K
[1.163s] [01m[K/root/sam_bot_description/src/joint_control/src/joint_controller.cpp:29:54:[m[K [01;31m[Kerror: [m[Kexpected primary-expression before â€˜[01m[K>[m[Kâ€™ token
[1.163s]    29 |     pub_odom_  = n_.advertise<nav_msgs::msg::Odometry[01;31m[K>[m[K("/odom",1);
[1.163s]       |                                                      [01;31m[K^[m[K
[1.163s] [01m[K/root/sam_bot_description/src/joint_control/src/joint_controller.cpp:29:56:[m[K [01;35m[Kwarning: [m[Kleft operand of comma operator has no effect [[01;35m[K-Wunused-value[m[K]
[1.163s]    29 |     pub_odom_  = n_.advertise<nav_msgs::msg::Odometry>([01;35m[K"/odom"[m[K,1);
[1.163s]       |                                                        [01;35m[K^~~~~~~[m[K
[1.166s] [01m[K/root/sam_bot_description/src/joint_control/src/joint_controller.cpp:30:5:[m[K [01;31m[Kerror: [m[Kâ€˜[01m[Kpub_odom_tf_[m[Kâ€™ was not declared in this scope
[1.166s]    30 |     [01;31m[Kpub_odom_tf_[m[K = n_.advertise<tf::tfMessage>("/odom_tf",1);
[1.166s]       |     [01;31m[K^~~~~~~~~~~~[m[K
[1.166s] [01m[K/root/sam_bot_description/src/joint_control/src/joint_controller.cpp:30:33:[m[K [01;31m[Kerror: [m[Kâ€˜[01m[Ktf[m[Kâ€™ has not been declared
[1.166s]    30 |     pub_odom_tf_ = n_.advertise<[01;31m[Ktf[m[K::tfMessage>("/odom_tf",1);
[1.166s]       |                                 [01;31m[K^~[m[K
[1.166s] [01m[K/root/sam_bot_description/src/joint_control/src/joint_controller.cpp:30:48:[m[K [01;35m[Kwarning: [m[Kleft operand of comma operator has no effect [[01;35m[K-Wunused-value[m[K]
[1.166s]    30 |     pub_odom_tf_ = n_.advertise<tf::tfMessage>([01;35m[K"/odom_tf"[m[K,1);
[1.166s]       |                                                [01;35m[K^~~~~~~~~~[m[K
[1.168s] [01m[K/root/sam_bot_description/src/joint_control/src/joint_controller.cpp:31:5:[m[K [01;31m[Kerror: [m[Kâ€˜[01m[Kjoint[m[Kâ€™ was not declared in this scope
[1.168s]    31 |     [01;31m[Kjoint[m[K.header.frame_id = std::string("");
[1.168s]       |     [01;31m[K^~~~~[m[K
[1.170s] [01m[K/root/sam_bot_description/src/joint_control/src/joint_controller.cpp:44:6:[m[K [01;31m[Kerror: [m[Kâ€˜[01m[Kodometry_[m[Kâ€™ was not declared in this scope
[1.170s]    44 |      [01;31m[Kodometry_[m[K.setVelocityRollingWindowSize(10);
[1.170s]       |      [01;31m[K^~~~~~~~~[m[K
[1.172s] [01m[K/root/sam_bot_description/src/joint_control/src/joint_controller.cpp:69:5:[m[K [01;31m[Kerror: [m[Kâ€˜[01m[Ktf_msg_[m[Kâ€™ was not declared in this scope; did you mean â€˜[01m[Kmsg_[m[Kâ€™?
[1.172s]    69 |     [01;31m[Ktf_msg_[m[K.transforms.resize(1);
[1.172s]       |     [01;31m[K^~~~~~~[m[K
[1.173s]       |     [32m[Kmsg_[m[K
[1.175s] [01m[K/root/sam_bot_description/src/joint_control/src/joint_controller.cpp:71:44:[m[K [01;31m[Kerror: [m[Kâ€˜[01m[Kbase_frame_id_[m[Kâ€™ was not declared in this scope
[1.175s]    71 |     tf_msg_.transforms[0].child_frame_id = [01;31m[Kbase_frame_id_[m[K;
[1.175s]       |                                            [01;31m[K^~~~~~~~~~~~~~[m[K
[1.179s] [01m[K/root/sam_bot_description/src/joint_control/src/joint_controller.cpp:72:45:[m[K [01;31m[Kerror: [m[Kâ€˜[01m[Kodom_frame_id_[m[Kâ€™ was not declared in this scope
[1.179s]    72 |     tf_msg_.transforms[0].header.frame_id = [01;31m[Kodom_frame_id_[m[K;
[1.179s]       |                                             [01;31m[K^~~~~~~~~~~~~~[m[K
[1.180s] [01m[K/root/sam_bot_description/src/joint_control/src/joint_controller.cpp:74:5:[m[K [01;31m[Kerror: [m[Kâ€˜[01m[Ksub_[m[Kâ€™ was not declared in this scope
[1.180s]    74 |     [01;31m[Ksub_[m[K = n_.subscribe("/cmd_vel", 1, &TwistToAackermann::callback, this);
[1.180s]       |     [01;31m[K^~~~[m[K
[1.181s] [01m[K/root/sam_bot_description/src/joint_control/src/joint_controller.cpp:[m[K In member function â€˜[01m[Kvoid TwistToAackermann::callback(const Twist&)[m[Kâ€™:
[1.181s] [01m[K/root/sam_bot_description/src/joint_control/src/joint_controller.cpp:81:18:[m[K [01;31m[Kerror: [m[Kâ€˜[01m[KJointState[m[Kâ€™ is not a member of â€˜[01m[Ksensor_msgs[m[Kâ€™; did you mean â€˜[01m[Ksensor_msgs::msg::JointState[m[Kâ€™?
[1.181s]    81 |     sensor_msgs::[01;31m[KJointState[m[K joint;
[1.181s]       |                  [01;31m[K^~~~~~~~~~[m[K
[1.181s] In file included from [01m[K/opt/ros/foxy/include/sensor_msgs/msg/joint_state.hpp:7[m[K,
[1.182s]                  from [01m[K/root/sam_bot_description/src/joint_control/src/joint_controller.cpp:4[m[K:
[1.182s] [01m[K/opt/ros/foxy/include/sensor_msgs/msg/detail/joint_state__struct.hpp:166:7:[m[K [01;36m[Knote: [m[Kâ€˜[01m[Ksensor_msgs::msg::JointState[m[Kâ€™ declared here
[1.182s]   166 | using [01;36m[KJointState[m[K =
[1.182s]       |       [01;36m[K^~~~~~~~~~[m[K
[1.183s] [01m[K/root/sam_bot_description/src/joint_control/src/joint_controller.cpp:91:5:[m[K [01;31m[Kerror: [m[Kâ€˜[01m[Kjoint[m[Kâ€™ was not declared in this scope
[1.183s]    91 |     [01;31m[Kjoint[m[K.header.stamp = ros::Time::now();
[1.183s]       |     [01;31m[K^~~~~[m[K
[1.184s] [01m[K/root/sam_bot_description/src/joint_control/src/joint_controller.cpp:91:26:[m[K [01;31m[Kerror: [m[Kâ€˜[01m[Kros[m[Kâ€™ has not been declared
[1.184s]    91 |     joint.header.stamp = [01;31m[Kros[m[K::Time::now();
[1.184s]       |                          [01;31m[K^~~[m[K
[1.186s] [01m[K/root/sam_bot_description/src/joint_control/src/joint_controller.cpp:101:7:[m[K [01;31m[Kerror: [m[Kâ€˜[01m[KROS_DEBUG[m[Kâ€™ was not declared in this scope
[1.186s]   101 |       [01;31m[KROS_DEBUG[m[K("%f\n", r);
[1.186s]       |       [01;31m[K^~~~~~~~~[m[K
[1.186s] [01m[K/root/sam_bot_description/src/joint_control/src/joint_controller.cpp:105:29:[m[K [01;31m[Kerror: [m[Kexpected primary-expression before â€˜[01m[K/[m[Kâ€™ token
[1.186s]   105 |       lwh = atan(actualBase+[01;31m[K/[m[K(r-(track/2)));
[1.186s]       |                             [01;31m[K^[m[K
[1.188s] [01m[K/root/sam_bot_description/src/joint_control/src/joint_controller.cpp:117:5:[m[K [01;31m[Kerror: [m[Kâ€˜[01m[Kodometry_[m[Kâ€™ was not declared in this scope
[1.188s]   117 |     [01;31m[Kodometry_[m[K.updateOpenLoop(msg.linear.x, msg.angular.z, joint.header.stamp);
[1.189s]       |     [01;31m[K^~~~~~~~~[m[K
[1.189s] [01m[K/root/sam_bot_description/src/joint_control/src/joint_controller.cpp:120:26:[m[K [01;31m[Kerror: [m[Kâ€˜[01m[KQuaternion[m[Kâ€™ in namespace â€˜[01m[Kgeometry_msgs[m[Kâ€™ does not name a type
[1.189s]   120 |     const geometry_msgs::[01;31m[KQuaternion[m[K orientation(
[1.189s]       |                          [01;31m[K^~~~~~~~~~[m[K
[1.191s] [01m[K/root/sam_bot_description/src/joint_control/src/joint_controller.cpp:125:37:[m[K [01;31m[Kerror: [m[Kâ€˜[01m[Korientation[m[Kâ€™ was not declared in this scope
[1.191s]   125 |        msg_.pose.pose.orientation = [01;31m[Korientation[m[K;
[1.191s]       |                                     [01;31m[K^~~~~~~~~~~[m[K
[1.192s] [01m[K/root/sam_bot_description/src/joint_control/src/joint_controller.cpp:132:18:[m[K [01;31m[Kerror: [m[Kâ€˜[01m[KTransformStamped[m[Kâ€™ is not a member of â€˜[01m[Kgeometry_msgs[m[Kâ€™
[1.192s]   132 |   geometry_msgs::[01;31m[KTransformStamped[m[K& odom_frame = tf_msg_.transforms[0];
[1.192s]       |                  [01;31m[K^~~~~~~~~~~~~~~~[m[K
[1.194s] [01m[K/root/sam_bot_description/src/joint_control/src/joint_controller.cpp:132:36:[m[K [01;31m[Kerror: [m[Kâ€˜[01m[Kodom_frame[m[Kâ€™ was not declared in this scope
[1.194s]   132 |   geometry_msgs::TransformStamped& [01;31m[Kodom_frame[m[K = tf_msg_.transforms[0];
[1.194s]       |                                    [01;31m[K^~~~~~~~~~[m[K
[1.196s] [01m[K/root/sam_bot_description/src/joint_control/src/joint_controller.cpp:132:49:[m[K [01;31m[Kerror: [m[Kâ€˜[01m[Ktf_msg_[m[Kâ€™ was not declared in this scope; did you mean â€˜[01m[Kmsg_[m[Kâ€™?
[1.196s]   132 |   geometry_msgs::TransformStamped& odom_frame = [01;31m[Ktf_msg_[m[K.transforms[0];
[1.196s]       |                                                 [01;31m[K^~~~~~~[m[K
[1.196s]       |                                                 [32m[Kmsg_[m[K
[1.198s] [01m[K/root/sam_bot_description/src/joint_control/src/joint_controller.cpp:141:5:[m[K [01;31m[Kerror: [m[Kâ€˜[01m[KROS_DEBUG[m[Kâ€™ was not declared in this scope
[1.198s]   141 |     [01;31m[KROS_DEBUG[m[K("Test");
[1.198s]       |     [01;31m[K^~~~~~~~~[m[K
[1.200s] [01m[K/root/sam_bot_description/src/joint_control/src/joint_controller.cpp:144:5:[m[K [01;31m[Kerror: [m[Kâ€˜[01m[Kpub_odom_[m[Kâ€™ was not declared in this scope
[1.201s]   144 |     [01;31m[Kpub_odom_[m[K.publish(msg_);
[1.201s]       |     [01;31m[K^~~~~~~~~[m[K
[1.203s] [01m[K/root/sam_bot_description/src/joint_control/src/joint_controller.cpp:145:5:[m[K [01;31m[Kerror: [m[Kâ€˜[01m[Kpub_odom_tf_[m[Kâ€™ was not declared in this scope
[1.203s]   145 |     [01;31m[Kpub_odom_tf_[m[K.publish(tf_msg_);
[1.203s]       |     [01;31m[K^~~~~~~~~~~~[m[K
[1.205s] [01m[K/root/sam_bot_description/src/joint_control/src/joint_controller.cpp:145:26:[m[K [01;31m[Kerror: [m[Kâ€˜[01m[Ktf_msg_[m[Kâ€™ was not declared in this scope; did you mean â€˜[01m[Kmsg_[m[Kâ€™?
[1.205s]   145 |     pub_odom_tf_.publish([01;31m[Ktf_msg_[m[K);
[1.205s]       |                          [01;31m[K^~~~~~~[m[K
[1.205s]       |                          [32m[Kmsg_[m[K
[1.206s] [01m[K/root/sam_bot_description/src/joint_control/src/joint_controller.cpp:146:5:[m[K [01;31m[Kerror: [m[Kâ€˜[01m[Kpub_[m[Kâ€™ was not declared in this scope
[1.206s]   146 |     [01;31m[Kpub_[m[K.publish(joint);
[1.207s]       |     [01;31m[K^~~~[m[K
[1.207s] [01m[K/root/sam_bot_description/src/joint_control/src/joint_controller.cpp:[m[K In function â€˜[01m[Kint main(int, char**)[m[Kâ€™:
[1.207s] [01m[K/root/sam_bot_description/src/joint_control/src/joint_controller.cpp:162:3:[m[K [01;31m[Kerror: [m[Kâ€˜[01m[Kros[m[Kâ€™ has not been declared
[1.207s]   162 |   [01;31m[Kros[m[K::init(argc, argv, "twist_to_ackermann");
[1.207s]       |   [01;31m[K^~~[m[K
[1.207s] [01m[K/root/sam_bot_description/src/joint_control/src/joint_controller.cpp:165:3:[m[K [01;31m[Kerror: [m[Kâ€˜[01m[Kros[m[Kâ€™ has not been declared
[1.207s]   165 |   [01;31m[Kros[m[K::spin();
[1.207s]       |   [01;31m[K^~~[m[K
[1.489s] make[2]: *** [CMakeFiles/joint.dir/build.make:63: CMakeFiles/joint.dir/src/joint_controller.cpp.o] Error 1
[1.490s] make[1]: *** [CMakeFiles/Makefile2:78: CMakeFiles/joint.dir/all] Error 2
[1.490s] make: *** [Makefile:141: all] Error 2
[1.494s] Invoked command in '/root/sam_bot_description/src/joint_control/build/joint_control' returned '2': CMAKE_PREFIX_PATH=/opt/ros/foxy /usr/bin/cmake --build /root/sam_bot_description/src/joint_control/build/joint_control -- -j16 -l16
