[0.015s] Invoking command in '/root/sam_bot_description/src/joint_control/build/joint_control': CMAKE_PREFIX_PATH=/opt/ros/foxy /usr/bin/cmake --build /root/sam_bot_description/src/joint_control/build/joint_control -- -j16 -l16
[0.049s] [35m[1mScanning dependencies of target joint[0m
[0.075s] [ 50%] [32mBuilding CXX object CMakeFiles/joint.dir/src/joint_controller.cpp.o[0m
[2.129s] [01m[K/root/sam_bot_description/src/joint_control/src/joint_controller.cpp:[m[K In member function â€˜[01m[Kvoid TwistToAackermann::callback(geometry_msgs::msg::Twist_<std::allocator<void> >::SharedPtr)[m[Kâ€™:
[2.129s] [01m[K/root/sam_bot_description/src/joint_control/src/joint_controller.cpp:104:29:[m[K [01;31m[Kerror: [m[Kexpected primary-expression before â€˜[01m[K/[m[Kâ€™ token
[2.129s]   104 |       lwh = atan(actualBase+[01;31m[K/[m[K(r-(track/2)));
[2.129s]       |                             [01;31m[K^[m[K
[2.129s] [01m[K/root/sam_bot_description/src/joint_control/src/joint_controller.cpp:116:34:[m[K [01;31m[Kerror: [m[Kâ€˜[01m[Kconst SharedPtr[m[Kâ€™ {aka â€˜[01m[Kconst class std::shared_ptr<geometry_msgs::msg::Twist_<std::allocator<void> > >[m[Kâ€™} has no member named â€˜[01m[Klinear[m[Kâ€™
[2.129s]   116 |     odometry_.updateOpenLoop(msg.[01;31m[Klinear[m[K.x, msg.angular.z, joint.header.stamp);
[2.129s]       |                                  [01;31m[K^~~~~~[m[K
[2.129s] [01m[K/root/sam_bot_description/src/joint_control/src/joint_controller.cpp:116:48:[m[K [01;31m[Kerror: [m[Kâ€˜[01m[Kconst SharedPtr[m[Kâ€™ {aka â€˜[01m[Kconst class std::shared_ptr<geometry_msgs::msg::Twist_<std::allocator<void> > >[m[Kâ€™} has no member named â€˜[01m[Kangular[m[Kâ€™
[2.129s]   116 |     odometry_.updateOpenLoop(msg.linear.x, msg.[01;31m[Kangular[m[K.z, joint.header.stamp);
[2.130s]       |                                                [01;31m[K^~~~~~~[m[K
[2.130s] [01m[K/root/sam_bot_description/src/joint_control/src/joint_controller.cpp:119:26:[m[K [01;31m[Kerror: [m[Kâ€˜[01m[KQuaternion[m[Kâ€™ in namespace â€˜[01m[Kgeometry_msgs[m[Kâ€™ does not name a type
[2.130s]   119 |     const geometry_msgs::[01;31m[KQuaternion[m[K orientation(
[2.130s]       |                          [01;31m[K^~~~~~~~~~[m[K
[2.133s] [01m[K/root/sam_bot_description/src/joint_control/src/joint_controller.cpp:124:37:[m[K [01;31m[Kerror: [m[Kâ€˜[01m[Korientation[m[Kâ€™ was not declared in this scope
[2.133s]   124 |        msg_.pose.pose.orientation = [01;31m[Korientation[m[K;
[2.133s]       |                                     [01;31m[K^~~~~~~~~~~[m[K
[2.134s] [01m[K/root/sam_bot_description/src/joint_control/src/joint_controller.cpp:143:15:[m[K [01;31m[Kerror: [m[Kâ€˜[01m[Kusing SharedPtr = class std::shared_ptr<rclcpp::Publisher<nav_msgs::msg::Odometry_<std::allocator<void> > > >[m[Kâ€™ {aka â€˜[01m[Kclass std::shared_ptr<rclcpp::Publisher<nav_msgs::msg::Odometry_<std::allocator<void> > > >[m[Kâ€™} has no member named â€˜[01m[Kpublish[m[Kâ€™
[2.134s]   143 |     pub_odom_.[01;31m[Kpublish[m[K(msg_);
[2.134s]       |               [01;31m[K^~~~~~~[m[K
[2.134s] [01m[K/root/sam_bot_description/src/joint_control/src/joint_controller.cpp:144:18:[m[K [01;31m[Kerror: [m[Kâ€˜[01m[Kusing SharedPtr = class std::shared_ptr<rclcpp::Publisher<tf2_msgs::msg::TFMessage_<std::allocator<void> > > >[m[Kâ€™ {aka â€˜[01m[Kclass std::shared_ptr<rclcpp::Publisher<tf2_msgs::msg::TFMessage_<std::allocator<void> > > >[m[Kâ€™} has no member named â€˜[01m[Kpublish[m[Kâ€™
[2.134s]   144 |     pub_odom_tf_.[01;31m[Kpublish[m[K(tf_msg_);
[2.134s]       |                  [01;31m[K^~~~~~~[m[K
[2.134s] [01m[K/root/sam_bot_description/src/joint_control/src/joint_controller.cpp:145:10:[m[K [01;31m[Kerror: [m[Kâ€˜[01m[Kusing SharedPtr = class std::shared_ptr<rclcpp::Publisher<sensor_msgs::msg::JointState_<std::allocator<void> > > >[m[Kâ€™ {aka â€˜[01m[Kclass std::shared_ptr<rclcpp::Publisher<sensor_msgs::msg::JointState_<std::allocator<void> > > >[m[Kâ€™} has no member named â€˜[01m[Kpublish[m[Kâ€™
[2.134s]   145 |     pub_.[01;31m[Kpublish[m[K(joint);
[2.134s]       |          [01;31m[K^~~~~~~[m[K
[3.651s] make[2]: *** [CMakeFiles/joint.dir/build.make:63: CMakeFiles/joint.dir/src/joint_controller.cpp.o] Error 1
[3.652s] make[1]: *** [CMakeFiles/Makefile2:78: CMakeFiles/joint.dir/all] Error 2
[3.652s] make: *** [Makefile:141: all] Error 2
[3.654s] Invoked command in '/root/sam_bot_description/src/joint_control/build/joint_control' returned '2': CMAKE_PREFIX_PATH=/opt/ros/foxy /usr/bin/cmake --build /root/sam_bot_description/src/joint_control/build/joint_control -- -j16 -l16
