[0.016s] Invoking command in '/root/sam_bot_description/src/joint_control/build/joint_control': CMAKE_PREFIX_PATH=/opt/ros/foxy /usr/bin/cmake --build /root/sam_bot_description/src/joint_control/build/joint_control -- -j16 -l16
[0.066s] [35m[1mScanning dependencies of target joint[0m
[0.100s] [ 33%] [32mBuilding CXX object CMakeFiles/joint.dir/src/odometry.cpp.o[0m
[1.337s] [01m[K/root/sam_bot_description/src/joint_control/src/odometry.cpp:66:29:[m[K [01;31m[Kerror: [m[Kâ€˜[01m[Kros[m[Kâ€™ does not name a type
[1.338s]    66 |   void Odometry::init(const [01;31m[Kros[m[K::Time& time)
[1.338s]       |                             [01;31m[K^~~[m[K
[1.338s] [01m[K/root/sam_bot_description/src/joint_control/src/odometry.cpp:66:38:[m[K [01;31m[Kerror: [m[Kexpected unqualified-id before â€˜[01m[K&[m[Kâ€™ token
[1.338s]    66 |   void Odometry::init(const ros::Time[01;31m[K&[m[K time)
[1.339s]       |                                      [01;31m[K^[m[K
[1.339s] [01m[K/root/sam_bot_description/src/joint_control/src/odometry.cpp:66:38:[m[K [01;31m[Kerror: [m[Kexpected â€˜[01m[K)[m[Kâ€™ before â€˜[01m[K&[m[Kâ€™ token
[1.339s]    66 |   void Odometry::init[34m[K([m[Kconst ros::Time[01;31m[K&[m[K time)
[1.339s]       |                      [34m[K~[m[K               [01;31m[K^[m[K
[1.340s]       |                                      [32m[K)[m[K
[1.340s] [01m[K/root/sam_bot_description/src/joint_control/src/odometry.cpp:66:40:[m[K [01;31m[Kerror: [m[Kexpected initializer before â€˜[01m[Ktime[m[Kâ€™
[1.340s]    66 |   void Odometry::init(const ros::Time& [01;31m[Ktime[m[K)
[1.340s]       |                                        [01;31m[K^~~~[m[K
[1.340s] [01m[K/root/sam_bot_description/src/joint_control/src/odometry.cpp:73:78:[m[K [01;31m[Kerror: [m[Kâ€˜[01m[Kros[m[Kâ€™ does not name a type
[1.340s]    73 |   bool Odometry::update(double rear_wheel_pos, double front_steer_pos, const [01;31m[Kros[m[K::Time &time)
[1.341s]       |                                                                              [01;31m[K^~~[m[K
[1.341s] [01m[K/root/sam_bot_description/src/joint_control/src/odometry.cpp:73:88:[m[K [01;31m[Kerror: [m[Kexpected unqualified-id before â€˜[01m[K&[m[Kâ€™ token
[1.341s]    73 |   bool Odometry::update(double rear_wheel_pos, double front_steer_pos, const ros::Time [01;31m[K&[m[Ktime)
[1.341s]       |                                                                                        [01;31m[K^[m[K
[1.341s] [01m[K/root/sam_bot_description/src/joint_control/src/odometry.cpp:73:87:[m[K [01;31m[Kerror: [m[Kexpected â€˜[01m[K)[m[Kâ€™ before â€˜[01m[K&[m[Kâ€™ token
[1.341s]    73 |   bool Odometry::update[34m[K([m[Kdouble rear_wheel_pos, double front_steer_pos, const ros::Time[01;31m[K [m[K[32m[K&[m[Ktime)
[1.342s]       |                        [34m[K~[m[K                                                              [01;31m[K^[m[K[32m[K~[m[K
[1.342s]       |                                                                                       [32m[K)[m[K
[1.342s] [01m[K/root/sam_bot_description/src/joint_control/src/odometry.cpp:73:89:[m[K [01;31m[Kerror: [m[Kexpected initializer before â€˜[01m[Ktime[m[Kâ€™
[1.342s]    73 |   bool Odometry::update(double rear_wheel_pos, double front_steer_pos, const ros::Time &[01;31m[Ktime[m[K)
[1.342s]       |                                                                                         [01;31m[K^~~~[m[K
[1.342s] [01m[K/root/sam_bot_description/src/joint_control/src/odometry.cpp:112:70:[m[K [01;31m[Kerror: [m[Kâ€˜[01m[Kros[m[Kâ€™ does not name a type
[1.343s]   112 |   void Odometry::updateOpenLoop(double linear, double angular, const [01;31m[Kros[m[K::Time &time)
[1.343s]       |                                                                      [01;31m[K^~~[m[K
[1.343s] [01m[K/root/sam_bot_description/src/joint_control/src/odometry.cpp:112:80:[m[K [01;31m[Kerror: [m[Kexpected unqualified-id before â€˜[01m[K&[m[Kâ€™ token
[1.343s]   112 |   void Odometry::updateOpenLoop(double linear, double angular, const ros::Time [01;31m[K&[m[Ktime)
[1.343s]       |                                                                                [01;31m[K^[m[K
[1.343s] [01m[K/root/sam_bot_description/src/joint_control/src/odometry.cpp:112:79:[m[K [01;31m[Kerror: [m[Kexpected â€˜[01m[K)[m[Kâ€™ before â€˜[01m[K&[m[Kâ€™ token
[1.344s]   112 |   void Odometry::updateOpenLoop[34m[K([m[Kdouble linear, double angular, const ros::Time[01;31m[K [m[K[32m[K&[m[Ktime)
[1.344s]       |                                [34m[K~[m[K                                              [01;31m[K^[m[K[32m[K~[m[K
[1.344s]       |                                                                               [32m[K)[m[K
[1.344s] [01m[K/root/sam_bot_description/src/joint_control/src/odometry.cpp:112:81:[m[K [01;31m[Kerror: [m[Kexpected initializer before â€˜[01m[Ktime[m[Kâ€™
[1.344s]   112 |   void Odometry::updateOpenLoop(double linear, double angular, const ros::Time &[01;31m[Ktime[m[K)
[1.344s]       |                                                                                 [01;31m[K^~~~[m[K
[1.345s] [01m[K/root/sam_bot_description/src/joint_control/src/odometry.cpp:[m[K In member function â€˜[01m[Kvoid Odometry::integrateRungeKutta2(double, double)[m[Kâ€™:
[1.345s] [01m[K/root/sam_bot_description/src/joint_control/src/odometry.cpp:142:26:[m[K [01;31m[Kerror: [m[Kâ€˜[01m[Kcos[m[Kâ€™ was not declared in this scope; did you mean â€˜[01m[Kclose[m[Kâ€™?
[1.345s]   142 |     x_       += linear * [01;31m[Kcos[m[K(direction);
[1.345s]       |                          [01;31m[K^~~[m[K
[1.346s]       |                          [32m[Kclose[m[K
[1.346s] [01m[K/root/sam_bot_description/src/joint_control/src/odometry.cpp:143:26:[m[K [01;31m[Kerror: [m[Kâ€˜[01m[Ksin[m[Kâ€™ was not declared in this scope
[1.346s]   143 |     y_       += linear * [01;31m[Ksin[m[K(direction);
[1.346s]       |                          [01;31m[K^~~[m[K
[1.346s] [01m[K/root/sam_bot_description/src/joint_control/src/odometry.cpp:[m[K In member function â€˜[01m[Kvoid Odometry::integrateExact(double, double)[m[Kâ€™:
[1.347s] [01m[K/root/sam_bot_description/src/joint_control/src/odometry.cpp:154:9:[m[K [01;31m[Kerror: [m[Kâ€˜[01m[Kfabs[m[Kâ€™ was not declared in this scope; did you mean â€˜[01m[Klabs[m[Kâ€™?
[1.347s]   154 |     if ([01;31m[Kfabs[m[K(angular) < 1e-6)
[1.347s]       |         [01;31m[K^~~~[m[K
[1.347s]       |         [32m[Klabs[m[K
[1.347s] [01m[K/root/sam_bot_description/src/joint_control/src/odometry.cpp:162:25:[m[K [01;31m[Kerror: [m[Kâ€˜[01m[Ksin[m[Kâ€™ was not declared in this scope
[1.347s]   162 |       x_       +=  r * ([01;31m[Ksin[m[K(heading_) - sin(heading_old));
[1.348s]       |                         [01;31m[K^~~[m[K
[1.348s] [01m[K/root/sam_bot_description/src/joint_control/src/odometry.cpp:163:25:[m[K [01;31m[Kerror: [m[Kâ€˜[01m[Kcos[m[Kâ€™ was not declared in this scope; did you mean â€˜[01m[Kclose[m[Kâ€™?
[1.348s]   163 |       y_       += -r * ([01;31m[Kcos[m[K(heading_) - cos(heading_old));
[1.348s]       |                         [01;31m[K^~~[m[K
[1.348s]       |                         [32m[Kclose[m[K
[1.495s] make[2]: *** [CMakeFiles/joint.dir/build.make:76: CMakeFiles/joint.dir/src/odometry.cpp.o] Error 1
[1.496s] make[1]: *** [CMakeFiles/Makefile2:78: CMakeFiles/joint.dir/all] Error 2
[1.496s] make: *** [Makefile:141: all] Error 2
[1.500s] Invoked command in '/root/sam_bot_description/src/joint_control/build/joint_control' returned '2': CMAKE_PREFIX_PATH=/opt/ros/foxy /usr/bin/cmake --build /root/sam_bot_description/src/joint_control/build/joint_control -- -j16 -l16
