[01m[K/root/sam_bot_description/src/joint_control/src/odometry.cpp:[m[K In member function â€˜[01m[Kbool Odometry::update(double, double, const rclcpp::Time&)[m[Kâ€™:
[01m[K/root/sam_bot_description/src/joint_control/src/odometry.cpp:90:28:[m[K [01;31m[Kerror: [m[Kâ€˜[01m[Ktan[m[Kâ€™ was not declared in this scope
   90 |     const double angular = [01;31m[Ktan[m[K(front_steer_pos) * linear / wheel_separation_h_;
      |                            [01;31m[K^~~[m[K
[01m[K/root/sam_bot_description/src/joint_control/src/odometry.cpp:96:43:[m[K [01;31m[Kerror: [m[Kâ€˜[01m[Kclass rclcpp::Duration[m[Kâ€™ has no member named â€˜[01m[KtoSec[m[Kâ€™
   96 |     const double dt = (time - timestamp_).[01;31m[KtoSec[m[K();
      |                                           [01;31m[K^~~~~[m[K
[01m[K/root/sam_bot_description/src/joint_control/src/odometry.cpp:[m[K In member function â€˜[01m[Kvoid Odometry::updateOpenLoop(double, double, const rclcpp::Time&)[m[Kâ€™:
[01m[K/root/sam_bot_description/src/joint_control/src/odometry.cpp:119:43:[m[K [01;31m[Kerror: [m[Kâ€˜[01m[Kclass rclcpp::Duration[m[Kâ€™ has no member named â€˜[01m[KtoSec[m[Kâ€™
  119 |     const double dt = (time - timestamp_).[01;31m[KtoSec[m[K();
      |                                           [01;31m[K^~~~~[m[K
[01m[K/root/sam_bot_description/src/joint_control/src/odometry.cpp:[m[K In member function â€˜[01m[Kvoid Odometry::integrateRungeKutta2(double, double)[m[Kâ€™:
[01m[K/root/sam_bot_description/src/joint_control/src/odometry.cpp:142:26:[m[K [01;31m[Kerror: [m[Kâ€˜[01m[Kcos[m[Kâ€™ was not declared in this scope; did you mean â€˜[01m[Kclose[m[Kâ€™?
  142 |     x_       += linear * [01;31m[Kcos[m[K(direction);
      |                          [01;31m[K^~~[m[K
      |                          [32m[Kclose[m[K
[01m[K/root/sam_bot_description/src/joint_control/src/odometry.cpp:143:26:[m[K [01;31m[Kerror: [m[Kâ€˜[01m[Ksin[m[Kâ€™ was not declared in this scope
  143 |     y_       += linear * [01;31m[Ksin[m[K(direction);
      |                          [01;31m[K^~~[m[K
[01m[K/root/sam_bot_description/src/joint_control/src/odometry.cpp:[m[K In member function â€˜[01m[Kvoid Odometry::integrateExact(double, double)[m[Kâ€™:
[01m[K/root/sam_bot_description/src/joint_control/src/odometry.cpp:154:9:[m[K [01;31m[Kerror: [m[Kâ€˜[01m[Kfabs[m[Kâ€™ was not declared in this scope; did you mean â€˜[01m[Klabs[m[Kâ€™?
  154 |     if ([01;31m[Kfabs[m[K(angular) < 1e-6)
      |         [01;31m[K^~~~[m[K
      |         [32m[Klabs[m[K
[01m[K/root/sam_bot_description/src/joint_control/src/odometry.cpp:162:25:[m[K [01;31m[Kerror: [m[Kâ€˜[01m[Ksin[m[Kâ€™ was not declared in this scope
  162 |       x_       +=  r * ([01;31m[Ksin[m[K(heading_) - sin(heading_old));
      |                         [01;31m[K^~~[m[K
[01m[K/root/sam_bot_description/src/joint_control/src/odometry.cpp:163:25:[m[K [01;31m[Kerror: [m[Kâ€˜[01m[Kcos[m[Kâ€™ was not declared in this scope; did you mean â€˜[01m[Kclose[m[Kâ€™?
  163 |       y_       += -r * ([01;31m[Kcos[m[K(heading_) - cos(heading_old));
      |                         [01;31m[K^~~[m[K
      |                         [32m[Kclose[m[K
make[2]: *** [CMakeFiles/joint.dir/build.make:76: CMakeFiles/joint.dir/src/odometry.cpp.o] Error 1
make[1]: *** [CMakeFiles/Makefile2:78: CMakeFiles/joint.dir/all] Error 2
make: *** [Makefile:141: all] Error 2
