[0.016s] Invoking command in '/root/sam_bot_description/src/joint_control/build/joint_control': CMAKE_PREFIX_PATH=/opt/ros/foxy /usr/bin/cmake --build /root/sam_bot_description/src/joint_control/build/joint_control -- -j16 -l16
[0.061s] [35m[1mScanning dependencies of target joint[0m
[0.083s] [ 33%] [32mBuilding CXX object CMakeFiles/joint.dir/src/odometry.cpp.o[0m
[1.311s] [01m[K/root/sam_bot_description/src/joint_control/src/odometry.cpp:[m[K In member function â€˜[01m[Kbool Odometry::update(double, double, const rclcpp::Time&)[m[Kâ€™:
[1.311s] [01m[K/root/sam_bot_description/src/joint_control/src/odometry.cpp:90:28:[m[K [01;31m[Kerror: [m[Kâ€˜[01m[Ktan[m[Kâ€™ was not declared in this scope
[1.311s]    90 |     const double angular = [01;31m[Ktan[m[K(front_steer_pos) * linear / wheel_separation_h_;
[1.311s]       |                            [01;31m[K^~~[m[K
[1.311s] [01m[K/root/sam_bot_description/src/joint_control/src/odometry.cpp:96:43:[m[K [01;31m[Kerror: [m[Kâ€˜[01m[Kclass rclcpp::Duration[m[Kâ€™ has no member named â€˜[01m[KtoSec[m[Kâ€™
[1.311s]    96 |     const double dt = (time - timestamp_).[01;31m[KtoSec[m[K();
[1.311s]       |                                           [01;31m[K^~~~~[m[K
[1.319s] [01m[K/root/sam_bot_description/src/joint_control/src/odometry.cpp:[m[K In member function â€˜[01m[Kvoid Odometry::updateOpenLoop(double, double, const rclcpp::Time&)[m[Kâ€™:
[1.319s] [01m[K/root/sam_bot_description/src/joint_control/src/odometry.cpp:119:43:[m[K [01;31m[Kerror: [m[Kâ€˜[01m[Kclass rclcpp::Duration[m[Kâ€™ has no member named â€˜[01m[KtoSec[m[Kâ€™
[1.319s]   119 |     const double dt = (time - timestamp_).[01;31m[KtoSec[m[K();
[1.319s]       |                                           [01;31m[K^~~~~[m[K
[1.321s] [01m[K/root/sam_bot_description/src/joint_control/src/odometry.cpp:[m[K In member function â€˜[01m[Kvoid Odometry::integrateRungeKutta2(double, double)[m[Kâ€™:
[1.321s] [01m[K/root/sam_bot_description/src/joint_control/src/odometry.cpp:142:26:[m[K [01;31m[Kerror: [m[Kâ€˜[01m[Kcos[m[Kâ€™ was not declared in this scope; did you mean â€˜[01m[Kclose[m[Kâ€™?
[1.321s]   142 |     x_       += linear * [01;31m[Kcos[m[K(direction);
[1.322s]       |                          [01;31m[K^~~[m[K
[1.322s]       |                          [32m[Kclose[m[K
[1.323s] [01m[K/root/sam_bot_description/src/joint_control/src/odometry.cpp:143:26:[m[K [01;31m[Kerror: [m[Kâ€˜[01m[Ksin[m[Kâ€™ was not declared in this scope
[1.323s]   143 |     y_       += linear * [01;31m[Ksin[m[K(direction);
[1.323s]       |                          [01;31m[K^~~[m[K
[1.324s] [01m[K/root/sam_bot_description/src/joint_control/src/odometry.cpp:[m[K In member function â€˜[01m[Kvoid Odometry::integrateExact(double, double)[m[Kâ€™:
[1.324s] [01m[K/root/sam_bot_description/src/joint_control/src/odometry.cpp:154:9:[m[K [01;31m[Kerror: [m[Kâ€˜[01m[Kfabs[m[Kâ€™ was not declared in this scope; did you mean â€˜[01m[Klabs[m[Kâ€™?
[1.325s]   154 |     if ([01;31m[Kfabs[m[K(angular) < 1e-6)
[1.325s]       |         [01;31m[K^~~~[m[K
[1.325s]       |         [32m[Klabs[m[K
[1.326s] [01m[K/root/sam_bot_description/src/joint_control/src/odometry.cpp:162:25:[m[K [01;31m[Kerror: [m[Kâ€˜[01m[Ksin[m[Kâ€™ was not declared in this scope
[1.326s]   162 |       x_       +=  r * ([01;31m[Ksin[m[K(heading_) - sin(heading_old));
[1.326s]       |                         [01;31m[K^~~[m[K
[1.328s] [01m[K/root/sam_bot_description/src/joint_control/src/odometry.cpp:163:25:[m[K [01;31m[Kerror: [m[Kâ€˜[01m[Kcos[m[Kâ€™ was not declared in this scope; did you mean â€˜[01m[Kclose[m[Kâ€™?
[1.328s]   163 |       y_       += -r * ([01;31m[Kcos[m[K(heading_) - cos(heading_old));
[1.328s]       |                         [01;31m[K^~~[m[K
[1.328s]       |                         [32m[Kclose[m[K
[1.516s] make[2]: *** [CMakeFiles/joint.dir/build.make:76: CMakeFiles/joint.dir/src/odometry.cpp.o] Error 1
[1.516s] make[1]: *** [CMakeFiles/Makefile2:78: CMakeFiles/joint.dir/all] Error 2
[1.516s] make: *** [Makefile:141: all] Error 2
[1.520s] Invoked command in '/root/sam_bot_description/src/joint_control/build/joint_control' returned '2': CMAKE_PREFIX_PATH=/opt/ros/foxy /usr/bin/cmake --build /root/sam_bot_description/src/joint_control/build/joint_control -- -j16 -l16
