[35m[1mScanning dependencies of target joint[0m
[ 50%] [32mBuilding CXX object CMakeFiles/joint.dir/src/joint_controller.cpp.o[0m
[01m[K/root/sam_bot_description/src/joint_control/src/joint_controller.cpp:[m[K In member function â€˜[01m[Kauto TwistToAackermann::createQuaternionMsgFromYaw(double)[m[Kâ€™:
[01m[K/root/sam_bot_description/src/joint_control/src/joint_controller.cpp:80:15:[m[K [01;31m[Kerror: [m[Kâ€˜[01m[KtoMsg[m[Kâ€™ is not a member of â€˜[01m[Ktf2[m[Kâ€™
   80 |   return tf2::[01;31m[KtoMsg[m[K(q);
      |               [01;31m[K^~~~~[m[K
[01m[K/root/sam_bot_description/src/joint_control/src/joint_controller.cpp:[m[K In member function â€˜[01m[Kvoid TwistToAackermann::callback(geometry_msgs::msg::Twist_<std::allocator<void> >::SharedPtr)[m[Kâ€™:
[01m[K/root/sam_bot_description/src/joint_control/src/joint_controller.cpp:126:63:[m[K [01;31m[Kerror: [m[Kinvalid use of void expression
  126 |             createQuaternionMsgFromYaw(odometry_.getHeading())[01;31m[K)[m[K;
      |                                                               [01;31m[K^[m[K
make[2]: *** [CMakeFiles/joint.dir/build.make:63: CMakeFiles/joint.dir/src/joint_controller.cpp.o] Error 1
make[1]: *** [CMakeFiles/Makefile2:78: CMakeFiles/joint.dir/all] Error 2
make: *** [Makefile:141: all] Error 2
