[01m[K/root/sam_bot_description/src/joint_control/src/odometry.cpp:[m[K In member function â€˜[01m[Kbool Odometry::update(double, double, const rclcpp::Time&)[m[Kâ€™:
[01m[K/root/sam_bot_description/src/joint_control/src/odometry.cpp:96:43:[m[K [01;31m[Kerror: [m[Kâ€˜[01m[Kclass rclcpp::Duration[m[Kâ€™ has no member named â€˜[01m[KtoSec[m[Kâ€™
   96 |     const double dt = (time - timestamp_).[01;31m[KtoSec[m[K();
      |                                           [01;31m[K^~~~~[m[K
[01m[K/root/sam_bot_description/src/joint_control/src/odometry.cpp:[m[K In member function â€˜[01m[Kvoid Odometry::updateOpenLoop(double, double, const rclcpp::Time&)[m[Kâ€™:
[01m[K/root/sam_bot_description/src/joint_control/src/odometry.cpp:119:43:[m[K [01;31m[Kerror: [m[Kâ€˜[01m[Kclass rclcpp::Duration[m[Kâ€™ has no member named â€˜[01m[KtoSec[m[Kâ€™
  119 |     const double dt = (time - timestamp_).[01;31m[KtoSec[m[K();
      |                                           [01;31m[K^~~~~[m[K
make[2]: *** [CMakeFiles/joint.dir/build.make:76: CMakeFiles/joint.dir/src/odometry.cpp.o] Error 1
make[1]: *** [CMakeFiles/Makefile2:78: CMakeFiles/joint.dir/all] Error 2
make: *** [Makefile:141: all] Error 2
