[0.014s] Invoking command in '/root/sam_bot_description/src/joint_control/build/joint_control': CMAKE_PREFIX_PATH=/opt/ros/foxy /usr/bin/cmake --build /root/sam_bot_description/src/joint_control/build/joint_control -- -j16 -l16
[0.065s] [35m[1mScanning dependencies of target joint[0m
[0.088s] [ 33%] [32mBuilding CXX object CMakeFiles/joint.dir/src/odometry.cpp.o[0m
[1.349s] [01m[K/root/sam_bot_description/src/joint_control/src/odometry.cpp:[m[K In member function â€˜[01m[Kbool Odometry::update(double, double, const rclcpp::Time&)[m[Kâ€™:
[1.349s] [01m[K/root/sam_bot_description/src/joint_control/src/odometry.cpp:96:43:[m[K [01;31m[Kerror: [m[Kâ€˜[01m[Kclass rclcpp::Duration[m[Kâ€™ has no member named â€˜[01m[KtoSec[m[Kâ€™
[1.349s]    96 |     const double dt = (time - timestamp_).[01;31m[KtoSec[m[K();
[1.349s]       |                                           [01;31m[K^~~~~[m[K
[1.356s] [01m[K/root/sam_bot_description/src/joint_control/src/odometry.cpp:[m[K In member function â€˜[01m[Kvoid Odometry::updateOpenLoop(double, double, const rclcpp::Time&)[m[Kâ€™:
[1.356s] [01m[K/root/sam_bot_description/src/joint_control/src/odometry.cpp:119:43:[m[K [01;31m[Kerror: [m[Kâ€˜[01m[Kclass rclcpp::Duration[m[Kâ€™ has no member named â€˜[01m[KtoSec[m[Kâ€™
[1.357s]   119 |     const double dt = (time - timestamp_).[01;31m[KtoSec[m[K();
[1.357s]       |                                           [01;31m[K^~~~~[m[K
[1.543s] make[2]: *** [CMakeFiles/joint.dir/build.make:76: CMakeFiles/joint.dir/src/odometry.cpp.o] Error 1
[1.544s] make[1]: *** [CMakeFiles/Makefile2:78: CMakeFiles/joint.dir/all] Error 2
[1.544s] make: *** [Makefile:141: all] Error 2
[1.547s] Invoked command in '/root/sam_bot_description/src/joint_control/build/joint_control' returned '2': CMAKE_PREFIX_PATH=/opt/ros/foxy /usr/bin/cmake --build /root/sam_bot_description/src/joint_control/build/joint_control -- -j16 -l16
