[0.015s] Invoking command in '/root/sam_bot_description/src/joint_control/build/joint_control': CMAKE_PREFIX_PATH=/opt/ros/foxy /usr/bin/cmake --build /root/sam_bot_description/src/joint_control/build/joint_control -- -j16 -l16
[0.079s] [35m[1mScanning dependencies of target joint[0m
[0.111s] [ 33%] [32mBuilding CXX object CMakeFiles/joint.dir/src/joint_controller.cpp.o[0m
[2.236s] [01m[K/root/sam_bot_description/src/joint_control/src/joint_controller.cpp:38:20:[m[K [01;31m[Kerror: [m[Kexpected primary-expression before â€˜[01m[K)[m[Kâ€™ token
[2.236s]    38 | TwistToAackermann:([01;31m[K)[m[K : Node("ackiyooo"), pub_(create_publisher<sensor_msgs::msg::JointState>("/joint_states", -1)),
[2.236s]       |                    [01;31m[K^[m[K
[2.236s] [01m[K/root/sam_bot_description/src/joint_control/src/joint_controller.cpp:38:20:[m[K [01;31m[Kerror: [m[Kname â€˜[01m[KTwistToAackermann[m[Kâ€™ has incomplete type
[2.237s] [01m[K/root/sam_bot_description/src/joint_control/src/joint_controller.cpp:38:20:[m[K [01;31m[Kerror: [m[Kexpected â€˜[01m[K;[m[Kâ€™ at end of member declaration
[2.237s]    38 | TwistToAackermann:([01;31m[K)[m[K : Node("ackiyooo"), pub_(create_publisher<sensor_msgs::msg::JointState>("/joint_states", -1)),
[2.237s]       |                    [01;31m[K^[m[K
[2.237s]       |                     [32m[K;[m[K
[2.237s] [01m[K/root/sam_bot_description/src/joint_control/src/joint_controller.cpp:38:24:[m[K [01;31m[Kerror: [m[Ktemporary of non-literal type â€˜[01m[Krclcpp::Node[m[Kâ€™ in a constant expression
[2.237s]    38 | TwistToAackermann:() : [01;31m[KNode("ackiyooo")[m[K, pub_(create_publisher<sensor_msgs::msg::JointState>("/joint_states", -1)),
[2.237s]       |                        [01;31m[K^~~~~~~~~~~~~~~~[m[K
[2.237s] In file included from [01m[K/opt/ros/foxy/include/rclcpp/executors/single_threaded_executor.hpp:28[m[K,
[2.237s]                  from [01m[K/opt/ros/foxy/include/rclcpp/executors.hpp:22[m[K,
[2.237s]                  from [01m[K/opt/ros/foxy/include/rclcpp/rclcpp.hpp:146[m[K,
[2.237s]                  from [01m[K/opt/ros/foxy/include/tf2_ros/buffer_interface.h:35[m[K,
[2.237s]                  from [01m[K/opt/ros/foxy/include/tf2_geometry_msgs/tf2_geometry_msgs.h:38[m[K,
[2.237s]                  from [01m[K/root/sam_bot_description/src/joint_control/src/joint_controller.cpp:9[m[K:
[2.237s] [01m[K/opt/ros/foxy/include/rclcpp/node.hpp:74:7:[m[K [01;36m[Knote: [m[Kâ€˜[01m[Krclcpp::Node[m[Kâ€™ is not literal because:
[2.237s]    74 | class [01;36m[KNode[m[K : public std::enable_shared_from_this<Node>
[2.238s]       |       [01;36m[K^~~~[m[K
[2.238s] [01m[K/opt/ros/foxy/include/rclcpp/node.hpp:74:7:[m[K [01;36m[Knote: [m[K  â€˜[01m[Krclcpp::Node[m[Kâ€™ has a non-trivial destructor
[2.238s] [01m[K/root/sam_bot_description/src/joint_control/src/joint_controller.cpp:38:39:[m[K [01;31m[Kerror: [m[KISO C++ forbids declaration of â€˜[01m[Ktype name[m[Kâ€™ with no type [[01;31m[K-fpermissive[m[K]
[2.238s]    38 | TwistToAackermann:() : Node("ackiyooo"[01;31m[K)[m[K, pub_(create_publisher<sensor_msgs::msg::JointState>("/joint_states", -1)),
[2.238s]       |                                       [01;31m[K^[m[K
[2.238s] [01m[K/root/sam_bot_description/src/joint_control/src/joint_controller.cpp:38:39:[m[K [01;31m[Kerror: [m[Kwidth of bit-field â€˜[01m[K<anonymous>[m[Kâ€™ has non-integral type â€˜[01m[Krclcpp::Node[m[Kâ€™
[2.238s] [01m[K/root/sam_bot_description/src/joint_control/src/joint_controller.cpp:38:47:[m[K [01;31m[Kerror: [m[Kexpected identifier
[2.238s]    38 | TwistToAackermann:() : Node("ackiyooo"), pub_([01;31m[Kcreate_publisher<sensor_msgs::msg::JointState>[m[K("/joint_states", -1)),
[2.238s]       |                                               [01;31m[K^~~~~~~~~~~~~~~~~~~~~~~~~~~~~~~~~~~~~~~~~~~~~~[m[K
[2.238s] [01m[K/root/sam_bot_description/src/joint_control/src/joint_controller.cpp:38:93:[m[K [01;31m[Kerror: [m[Kexpected unqualified-id before â€˜[01m[K([m[Kâ€™ token
[2.238s]    38 | TwistToAackermann:() : Node("ackiyooo"), pub_(create_publisher<sensor_msgs::msg::JointState>[01;31m[K([m[K"/joint_states", -1)),
[2.238s]       |                                                                                             [01;31m[K^[m[K
[2.238s] [01m[K/root/sam_bot_description/src/joint_control/src/joint_controller.cpp:38:93:[m[K [01;31m[Kerror: [m[Kexpected â€˜[01m[K)[m[Kâ€™ before â€˜[01m[K([m[Kâ€™ token
[2.238s]    38 | TwistToAackermann:() : Node("ackiyooo"), pub_[34m[K([m[Kcreate_publisher<sensor_msgs::msg::JointState>[01;31m[K([m[K"/joint_states", -1)),
[2.238s]       |                                              [34m[K~[m[K                                              [01;31m[K^[m[K
[2.238s]       |                                                                                             [32m[K)[m[K
[2.238s] [01m[K/root/sam_bot_description/src/joint_control/src/joint_controller.cpp:38:94:[m[K [01;31m[Kerror: [m[Kexpected identifier before string constant
[2.238s]    38 | TwistToAackermann:() : Node("ackiyooo"), pub_(create_publisher<sensor_msgs::msg::JointState>([01;31m[K"/joint_states"[m[K, -1)),
[2.238s]       |                                                                                              [01;31m[K^~~~~~~~~~~~~~~[m[K
[2.238s] [01m[K/root/sam_bot_description/src/joint_control/src/joint_controller.cpp:38:94:[m[K [01;31m[Kerror: [m[Kexpected â€˜[01m[K,[m[Kâ€™ or â€˜[01m[K...[m[Kâ€™ before string constant
[2.238s] [01m[K/root/sam_bot_description/src/joint_control/src/joint_controller.cpp:38:113:[m[K [01;31m[Kerror: [m[KISO C++ forbids declaration of â€˜[01m[Kpub_[m[Kâ€™ with no type [[01;31m[K-fpermissive[m[K]
[2.238s]    38 | TwistToAackermann:() : Node("ackiyooo"), pub_(create_publisher<sensor_msgs::msg::JointState>("/joint_states", -1[01;31m[K)[m[K),
[2.239s]       |                                                                                                                 [01;31m[K^[m[K
[2.239s] [01m[K/root/sam_bot_description/src/joint_control/src/joint_controller.cpp:38:113:[m[K [01;31m[Kerror: [m[Kâ€˜[01m[Kpub_[m[Kâ€™ declared as function returning a function
[2.239s] [01m[K/root/sam_bot_description/src/joint_control/src/joint_controller.cpp:38:113:[m[K [01;31m[Kerror: [m[Kexpected â€˜[01m[K;[m[Kâ€™ at end of member declaration
[2.239s]    38 | TwistToAackermann:() : Node("ackiyooo"), pub_(create_publisher<sensor_msgs::msg::JointState>("/joint_states", -1[01;31m[K)[m[K),
[2.239s]       |                                                                                                                 [01;31m[K^[m[K
[2.239s]       |                                                                                                                  [32m[K;[m[K
[2.239s] [01m[K/root/sam_bot_description/src/joint_control/src/joint_controller.cpp:38:114:[m[K [01;31m[Kerror: [m[Kexpected unqualified-id before â€˜[01m[K)[m[Kâ€™ token
[2.239s]    38 | TwistToAackermann:() : Node("ackiyooo"), pub_(create_publisher<sensor_msgs::msg::JointState>("/joint_states", -1)[01;31m[K)[m[K,
[2.239s]       |                                                                                                                  [01;31m[K^[m[K
[2.620s] In file included from [01m[K/usr/include/x86_64-linux-gnu/c++/9/bits/c++allocator.h:33[m[K,
[2.620s]                  from [01m[K/usr/include/c++/9/bits/allocator.h:46[m[K,
[2.621s]                  from [01m[K/usr/include/c++/9/memory:63[m[K,
[2.621s]                  from [01m[K/opt/ros/foxy/include/rosidl_runtime_cpp/bounded_vector.hpp:19[m[K,
[2.621s]                  from [01m[K/opt/ros/foxy/include/std_msgs/msg/detail/string__struct.hpp:8[m[K,
[2.621s]                  from [01m[K/opt/ros/foxy/include/std_msgs/msg/string.hpp:7[m[K,
[2.621s]                  from [01m[K/root/sam_bot_description/src/joint_control/src/joint_controller.cpp:3[m[K:
[2.621s] /usr/include/c++/9/ext/new_allocator.h: In instantiation of â€˜[01m[Kvoid __gnu_cxx::new_allocator<_Tp>::construct(_Up*, _Args&& ...) [with _Up = TwistToAackermann; _Args = {}; _Tp = TwistToAackermann][m[Kâ€™:
[2.622s] [01m[K/usr/include/c++/9/bits/alloc_traits.h:482:2:[m[K   required from â€˜[01m[Kstatic void std::allocator_traits<std::allocator<_Tp> >::construct(std::allocator_traits<std::allocator<_Tp> >::allocator_type&, _Up*, _Args&& ...) [with _Up = TwistToAackermann; _Args = {}; _Tp = TwistToAackermann; std::allocator_traits<std::allocator<_Tp> >::allocator_type = std::allocator<TwistToAackermann>][m[Kâ€™
[2.622s] [01m[K/usr/include/c++/9/bits/shared_ptr_base.h:548:39:[m[K   required from â€˜[01m[Kstd::_Sp_counted_ptr_inplace<_Tp, _Alloc, _Lp>::_Sp_counted_ptr_inplace(_Alloc, _Args&& ...) [with _Args = {}; _Tp = TwistToAackermann; _Alloc = std::allocator<TwistToAackermann>; __gnu_cxx::_Lock_policy _Lp = __gnu_cxx::_S_atomic][m[Kâ€™
[2.622s] [01m[K/usr/include/c++/9/bits/shared_ptr_base.h:679:16:[m[K   required from â€˜[01m[Kstd::__shared_count<_Lp>::__shared_count(_Tp*&, std::_Sp_alloc_shared_tag<_Alloc>, _Args&& ...) [with _Tp = TwistToAackermann; _Alloc = std::allocator<TwistToAackermann>; _Args = {}; __gnu_cxx::_Lock_policy _Lp = __gnu_cxx::_S_atomic][m[Kâ€™
[2.622s] [01m[K/usr/include/c++/9/bits/shared_ptr_base.h:1344:71:[m[K   required from â€˜[01m[Kstd::__shared_ptr<_Tp, _Lp>::__shared_ptr(std::_Sp_alloc_shared_tag<_Tp>, _Args&& ...) [with _Alloc = std::allocator<TwistToAackermann>; _Args = {}; _Tp = TwistToAackermann; __gnu_cxx::_Lock_policy _Lp = __gnu_cxx::_S_atomic][m[Kâ€™
[2.622s] [01m[K/usr/include/c++/9/bits/shared_ptr.h:359:59:[m[K   required from â€˜[01m[Kstd::shared_ptr<_Tp>::shared_ptr(std::_Sp_alloc_shared_tag<_Tp>, _Args&& ...) [with _Alloc = std::allocator<TwistToAackermann>; _Args = {}; _Tp = TwistToAackermann][m[Kâ€™
[2.622s] [01m[K/usr/include/c++/9/bits/shared_ptr.h:701:14:[m[K   required from â€˜[01m[Kstd::shared_ptr<_Tp> std::allocate_shared(const _Alloc&, _Args&& ...) [with _Tp = TwistToAackermann; _Alloc = std::allocator<TwistToAackermann>; _Args = {}][m[Kâ€™
[2.622s] [01m[K/usr/include/c++/9/bits/shared_ptr.h:717:39:[m[K   required from â€˜[01m[Kstd::shared_ptr<_Tp> std::make_shared(_Args&& ...) [with _Tp = TwistToAackermann; _Args = {}][m[Kâ€™
[2.622s] [01m[K/root/sam_bot_description/src/joint_control/src/joint_controller.cpp:218:52:[m[K   required from here
[2.622s] [01m[K/usr/include/c++/9/ext/new_allocator.h:145:20:[m[K [01;31m[Kerror: [m[Kuse of deleted function â€˜[01m[KTwistToAackermann::TwistToAackermann()[m[Kâ€™
[2.622s]   145 |  noexcept(noexcept([01;31m[K::new((void *)__p)[m[K
[2.622s]       |                    [01;31m[K^~~~~~~~~~~~~~~~~~[m[K
[2.622s]   146 | [01;31m[K       _Up(std::forward<_Args>(__args)...)[m[K))
[2.622s]       |        [01;31m[K~~~~~~~~~~~~~~~~~~~~~~~~~~~~~~~~~~~[m[K
[2.622s] [01m[K/root/sam_bot_description/src/joint_control/src/joint_controller.cpp:27:8:[m[K [01;36m[Knote: [m[Kâ€˜[01m[KTwistToAackermann::TwistToAackermann()[m[Kâ€™ is implicitly deleted because the default definition would be ill-formed:
[2.622s]    27 | struct [01;36m[KTwistToAackermann[m[K : public rclcpp::Node{
[2.622s]       |        [01;36m[K^~~~~~~~~~~~~~~~~[m[K
[2.622s] [01m[K/root/sam_bot_description/src/joint_control/src/joint_controller.cpp:27:8:[m[K [01;31m[Kerror: [m[Kno matching function for call to â€˜[01m[Krclcpp::Node::Node()[m[Kâ€™
[2.622s] In file included from [01m[K/opt/ros/foxy/include/rclcpp/executors/single_threaded_executor.hpp:28[m[K,
[2.623s]                  from [01m[K/opt/ros/foxy/include/rclcpp/executors.hpp:22[m[K,
[2.623s]                  from [01m[K/opt/ros/foxy/include/rclcpp/rclcpp.hpp:146[m[K,
[2.623s]                  from [01m[K/opt/ros/foxy/include/tf2_ros/buffer_interface.h:35[m[K,
[2.623s]                  from [01m[K/opt/ros/foxy/include/tf2_geometry_msgs/tf2_geometry_msgs.h:38[m[K,
[2.623s]                  from [01m[K/root/sam_bot_description/src/joint_control/src/joint_controller.cpp:9[m[K:
[2.623s] [01m[K/opt/ros/foxy/include/rclcpp/node.hpp:1193:3:[m[K [01;36m[Knote: [m[Kcandidate: â€˜[01m[Krclcpp::Node::Node(const rclcpp::Node&, const string&)[m[Kâ€™
[2.623s]  1193 |   [01;36m[KNode[m[K(
[2.623s]       |   [01;36m[K^~~~[m[K
[2.623s] [01m[K/opt/ros/foxy/include/rclcpp/node.hpp:1193:3:[m[K [01;36m[Knote: [m[K  candidate expects 2 arguments, 0 provided
[2.623s] [01m[K/opt/ros/foxy/include/rclcpp/node.hpp:98:12:[m[K [01;36m[Knote: [m[Kcandidate: â€˜[01m[Krclcpp::Node::Node(const string&, const string&, const rclcpp::NodeOptions&)[m[Kâ€™
[2.623s]    98 |   explicit [01;36m[KNode[m[K(
[2.623s]       |            [01;36m[K^~~~[m[K
[2.623s] [01m[K/opt/ros/foxy/include/rclcpp/node.hpp:98:12:[m[K [01;36m[Knote: [m[K  candidate expects 3 arguments, 0 provided
[2.623s] [01m[K/opt/ros/foxy/include/rclcpp/node.hpp:86:12:[m[K [01;36m[Knote: [m[Kcandidate: â€˜[01m[Krclcpp::Node::Node(const string&, const rclcpp::NodeOptions&)[m[Kâ€™
[2.623s]    86 |   explicit [01;36m[KNode[m[K(
[2.623s]       |            [01;36m[K^~~~[m[K
[2.623s] [01m[K/opt/ros/foxy/include/rclcpp/node.hpp:86:12:[m[K [01;36m[Knote: [m[K  candidate expects 2 arguments, 0 provided
[2.729s] make[2]: *** [CMakeFiles/joint.dir/build.make:63: CMakeFiles/joint.dir/src/joint_controller.cpp.o] Error 1
[2.729s] make[1]: *** [CMakeFiles/Makefile2:78: CMakeFiles/joint.dir/all] Error 2
[2.729s] make: *** [Makefile:141: all] Error 2
[2.732s] Invoked command in '/root/sam_bot_description/src/joint_control/build/joint_control' returned '2': CMAKE_PREFIX_PATH=/opt/ros/foxy /usr/bin/cmake --build /root/sam_bot_description/src/joint_control/build/joint_control -- -j16 -l16
