[0.017s] Invoking command in '/root/sam_bot_description/src/joint_control/build/joint_control': CMAKE_PREFIX_PATH=${CMAKE_PREFIX_PATH}:/root/sam_bot_description/src/joint_init/install/joint_init:/opt/ros/foxy /usr/bin/cmake --build /root/sam_bot_description/src/joint_control/build/joint_control -- -j16 -l16
[0.063s] [35m[1mScanning dependencies of target joint[0m
[0.113s] [ 33%] [32mBuilding CXX object CMakeFiles/joint.dir/src/joint_controller.cpp.o[0m
[2.269s] [01m[K/root/sam_bot_description/src/joint_control/src/joint_controller.cpp:[m[K In member function â€˜[01m[Kvoid TwistToAackermann::broadcast_timer_callback()[m[Kâ€™:
[2.269s] [01m[K/root/sam_bot_description/src/joint_control/src/joint_controller.cpp:99:43:[m[K [01;31m[Kerror: [m[Kuse of â€˜[01m[Kauto TwistToAackermann::createQuaternionMsgFromYaw(double)[m[Kâ€™ before deduction of â€˜[01m[Kauto[m[Kâ€™
[2.269s]    99 |             createQuaternionMsgFromYaw(yaw[01;31m[K)[m[K);
[2.270s]       |                                           [01;31m[K^[m[K
[3.836s] make[2]: *** [CMakeFiles/joint.dir/build.make:63: CMakeFiles/joint.dir/src/joint_controller.cpp.o] Error 1
[3.837s] make[1]: *** [CMakeFiles/Makefile2:78: CMakeFiles/joint.dir/all] Error 2
[3.837s] make: *** [Makefile:141: all] Error 2
[3.840s] Invoked command in '/root/sam_bot_description/src/joint_control/build/joint_control' returned '2': CMAKE_PREFIX_PATH=${CMAKE_PREFIX_PATH}:/root/sam_bot_description/src/joint_init/install/joint_init:/opt/ros/foxy /usr/bin/cmake --build /root/sam_bot_description/src/joint_control/build/joint_control -- -j16 -l16
