[0.014s] Invoking command in '/root/sam_bot_description/src/joint_control/build/joint_control': CMAKE_PREFIX_PATH=/opt/ros/foxy /usr/bin/cmake --build /root/sam_bot_description/src/joint_control/build/joint_control -- -j16 -l16
[0.077s] [35m[1mScanning dependencies of target joint[0m
[0.123s] [ 50%] [32mBuilding CXX object CMakeFiles/joint.dir/src/joint_controller.cpp.o[0m
[2.247s] [01m[K/root/sam_bot_description/src/joint_control/src/joint_controller.cpp:[m[K In constructor â€˜[01m[KTwistToAackermann::TwistToAackermann()[m[Kâ€™:
[2.247s] [01m[K/root/sam_bot_description/src/joint_control/src/joint_controller.cpp:71:44:[m[K [01;31m[Kerror: [m[Kâ€˜[01m[Kbase_frame_id_[m[Kâ€™ was not declared in this scope
[2.247s]    71 |     tf_msg_.transforms[0].child_frame_id = [01;31m[Kbase_frame_id_[m[K;
[2.247s]       |                                            [01;31m[K^~~~~~~~~~~~~~[m[K
[2.254s] [01m[K/root/sam_bot_description/src/joint_control/src/joint_controller.cpp:72:45:[m[K [01;31m[Kerror: [m[Kâ€˜[01m[Kodom_frame_id_[m[Kâ€™ was not declared in this scope
[2.254s]    72 |     tf_msg_.transforms[0].header.frame_id = [01;31m[Kodom_frame_id_[m[K;
[2.255s]       |                                             [01;31m[K^~~~~~~~~~~~~~[m[K
[2.259s] [01m[K/root/sam_bot_description/src/joint_control/src/joint_controller.cpp:[m[K In member function â€˜[01m[Kvoid TwistToAackermann::callback(geometry_msgs::msg::Twist_<std::allocator<void> >::SharedPtr)[m[Kâ€™:
[2.259s] [01m[K/root/sam_bot_description/src/joint_control/src/joint_controller.cpp:80:18:[m[K [01;31m[Kerror: [m[Kâ€˜[01m[KJointState[m[Kâ€™ is not a member of â€˜[01m[Ksensor_msgs[m[Kâ€™; did you mean â€˜[01m[Ksensor_msgs::msg::JointState[m[Kâ€™?
[2.259s]    80 |     sensor_msgs::[01;31m[KJointState[m[K joint;
[2.259s]       |                  [01;31m[K^~~~~~~~~~[m[K
[2.260s] In file included from [01m[K/opt/ros/foxy/include/sensor_msgs/msg/joint_state.hpp:7[m[K,
[2.260s]                  from [01m[K/root/sam_bot_description/src/joint_control/src/joint_controller.cpp:4[m[K:
[2.260s] [01m[K/opt/ros/foxy/include/sensor_msgs/msg/detail/joint_state__struct.hpp:166:7:[m[K [01;36m[Knote: [m[Kâ€˜[01m[Ksensor_msgs::msg::JointState[m[Kâ€™ declared here
[2.260s]   166 | using [01;36m[KJointState[m[K =
[2.260s]       |       [01;36m[K^~~~~~~~~~[m[K
[2.260s] [01m[K/root/sam_bot_description/src/joint_control/src/joint_controller.cpp:90:40:[m[K [01;31m[Kerror: [m[Kâ€˜[01m[Know[m[Kâ€™ is not a member of â€˜[01m[Krclcpp::Time[m[Kâ€™
[2.260s]    90 |     joint.header.stamp = rclcpp::Time::[01;31m[Know[m[K();
[2.260s]       |                                        [01;31m[K^~~[m[K
[2.260s] [01m[K/root/sam_bot_description/src/joint_control/src/joint_controller.cpp:91:13:[m[K [01;31m[Kerror: [m[Kâ€˜[01m[Kconst SharedPtr[m[Kâ€™ {aka â€˜[01m[Kconst class std::shared_ptr<geometry_msgs::msg::Twist_<std::allocator<void> > >[m[Kâ€™} has no member named â€˜[01m[Kangular[m[Kâ€™
[2.261s]    91 |     if (msg.[01;31m[Kangular[m[K.z==0 || msg.linear.x==0) {
[2.261s]       |             [01;31m[K^~~~~~~[m[K
[2.261s] [01m[K/root/sam_bot_description/src/joint_control/src/joint_controller.cpp:91:33:[m[K [01;31m[Kerror: [m[Kâ€˜[01m[Kconst SharedPtr[m[Kâ€™ {aka â€˜[01m[Kconst class std::shared_ptr<geometry_msgs::msg::Twist_<std::allocator<void> > >[m[Kâ€™} has no member named â€˜[01m[Klinear[m[Kâ€™
[2.261s]    91 |     if (msg.angular.z==0 || msg.[01;31m[Klinear[m[K.x==0) {
[2.261s]       |                                 [01;31m[K^~~~~~[m[K
[2.261s] [01m[K/root/sam_bot_description/src/joint_control/src/joint_controller.cpp:94:69:[m[K [01;31m[Kerror: [m[Kâ€˜[01m[Kconst SharedPtr[m[Kâ€™ {aka â€˜[01m[Kconst class std::shared_ptr<geometry_msgs::msg::Twist_<std::allocator<void> > >[m[Kâ€™} has no member named â€˜[01m[Klinear[m[Kâ€™
[2.261s]    94 |       rwr = lwr =rwf= lwf = rwm = lwm = linearToAngularVelocity(msg.[01;31m[Klinear[m[K.x, wheelRadius);
[2.261s]       |                                                                     [01;31m[K^~~~~~[m[K
[2.261s] [01m[K/root/sam_bot_description/src/joint_control/src/joint_controller.cpp:99:15:[m[K [01;31m[Kerror: [m[Kâ€˜[01m[Kconst SharedPtr[m[Kâ€™ {aka â€˜[01m[Kconst class std::shared_ptr<geometry_msgs::msg::Twist_<std::allocator<void> > >[m[Kâ€™} has no member named â€˜[01m[Klinear[m[Kâ€™
[2.262s]    99 |       r = msg.[01;31m[Klinear[m[K.x/msg.angular.z;
[2.262s]       |               [01;31m[K^~~~~~[m[K
[2.262s] [01m[K/root/sam_bot_description/src/joint_control/src/joint_controller.cpp:99:28:[m[K [01;31m[Kerror: [m[Kâ€˜[01m[Kconst SharedPtr[m[Kâ€™ {aka â€˜[01m[Kconst class std::shared_ptr<geometry_msgs::msg::Twist_<std::allocator<void> > >[m[Kâ€™} has no member named â€˜[01m[Kangular[m[Kâ€™
[2.262s]    99 |       r = msg.linear.x/msg.[01;31m[Kangular[m[K.z;
[2.262s]       |                            [01;31m[K^~~~~~~[m[K
[2.262s] [01m[K/root/sam_bot_description/src/joint_control/src/joint_controller.cpp:104:29:[m[K [01;31m[Kerror: [m[Kexpected primary-expression before â€˜[01m[K/[m[Kâ€™ token
[2.262s]   104 |       lwh = atan(actualBase+[01;31m[K/[m[K(r-(track/2)));
[2.262s]       |                             [01;31m[K^[m[K
[2.262s] [01m[K/root/sam_bot_description/src/joint_control/src/joint_controller.cpp:106:67:[m[K [01;31m[Kerror: [m[Kâ€˜[01m[Kconst SharedPtr[m[Kâ€™ {aka â€˜[01m[Kconst class std::shared_ptr<geometry_msgs::msg::Twist_<std::allocator<void> > >[m[Kâ€™} has no member named â€˜[01m[Kangular[m[Kâ€™
[2.262s]   106 |       lwf = lwm = lwr = linearToAngularVelocity((r-(track/2))*msg.[01;31m[Kangular[m[K.z,wheelRadius);
[2.262s]       |                                                                   [01;31m[K^~~~~~~[m[K
[2.263s] [01m[K/root/sam_bot_description/src/joint_control/src/joint_controller.cpp:107:67:[m[K [01;31m[Kerror: [m[Kâ€˜[01m[Kconst SharedPtr[m[Kâ€™ {aka â€˜[01m[Kconst class std::shared_ptr<geometry_msgs::msg::Twist_<std::allocator<void> > >[m[Kâ€™} has no member named â€˜[01m[Kangular[m[Kâ€™
[2.263s]   107 |       rwf = rwm = rwr = linearToAngularVelocity((r+(track/2))*msg.[01;31m[Kangular[m[K.z,wheelRadius);             }
[2.263s]       |                                                                   [01;31m[K^~~~~~~[m[K
[2.263s] [01m[K/root/sam_bot_description/src/joint_control/src/joint_controller.cpp:116:34:[m[K [01;31m[Kerror: [m[Kâ€˜[01m[Kconst SharedPtr[m[Kâ€™ {aka â€˜[01m[Kconst class std::shared_ptr<geometry_msgs::msg::Twist_<std::allocator<void> > >[m[Kâ€™} has no member named â€˜[01m[Klinear[m[Kâ€™
[2.263s]   116 |     odometry_.updateOpenLoop(msg.[01;31m[Klinear[m[K.x, msg.angular.z, joint.header.stamp);
[2.263s]       |                                  [01;31m[K^~~~~~[m[K
[2.263s] [01m[K/root/sam_bot_description/src/joint_control/src/joint_controller.cpp:116:48:[m[K [01;31m[Kerror: [m[Kâ€˜[01m[Kconst SharedPtr[m[Kâ€™ {aka â€˜[01m[Kconst class std::shared_ptr<geometry_msgs::msg::Twist_<std::allocator<void> > >[m[Kâ€™} has no member named â€˜[01m[Kangular[m[Kâ€™
[2.263s]   116 |     odometry_.updateOpenLoop(msg.linear.x, msg.[01;31m[Kangular[m[K.z, joint.header.stamp);
[2.263s]       |                                                [01;31m[K^~~~~~~[m[K
[2.264s] [01m[K/root/sam_bot_description/src/joint_control/src/joint_controller.cpp:119:26:[m[K [01;31m[Kerror: [m[Kâ€˜[01m[KQuaternion[m[Kâ€™ in namespace â€˜[01m[Kgeometry_msgs[m[Kâ€™ does not name a type
[2.264s]   119 |     const geometry_msgs::[01;31m[KQuaternion[m[K orientation(
[2.264s]       |                          [01;31m[K^~~~~~~~~~[m[K
[2.264s] [01m[K/root/sam_bot_description/src/joint_control/src/joint_controller.cpp:124:37:[m[K [01;31m[Kerror: [m[Kâ€˜[01m[Korientation[m[Kâ€™ was not declared in this scope
[2.264s]   124 |        msg_.pose.pose.orientation = [01;31m[Korientation[m[K;
[2.264s]       |                                     [01;31m[K^~~~~~~~~~~[m[K
[2.264s] [01m[K/root/sam_bot_description/src/joint_control/src/joint_controller.cpp:143:15:[m[K [01;31m[Kerror: [m[Kâ€˜[01m[Kusing SharedPtr = class std::shared_ptr<rclcpp::Publisher<nav_msgs::msg::Odometry_<std::allocator<void> > > >[m[Kâ€™ {aka â€˜[01m[Kclass std::shared_ptr<rclcpp::Publisher<nav_msgs::msg::Odometry_<std::allocator<void> > > >[m[Kâ€™} has no member named â€˜[01m[Kpublish[m[Kâ€™
[2.264s]   143 |     pub_odom_.[01;31m[Kpublish[m[K(msg_);
[2.264s]       |               [01;31m[K^~~~~~~[m[K
[2.265s] [01m[K/root/sam_bot_description/src/joint_control/src/joint_controller.cpp:144:18:[m[K [01;31m[Kerror: [m[Kâ€˜[01m[Kusing SharedPtr = class std::shared_ptr<rclcpp::Publisher<tf2_msgs::msg::TFMessage_<std::allocator<void> > > >[m[Kâ€™ {aka â€˜[01m[Kclass std::shared_ptr<rclcpp::Publisher<tf2_msgs::msg::TFMessage_<std::allocator<void> > > >[m[Kâ€™} has no member named â€˜[01m[Kpublish[m[Kâ€™
[2.265s]   144 |     pub_odom_tf_.[01;31m[Kpublish[m[K(tf_msg_);
[2.265s]       |                  [01;31m[K^~~~~~~[m[K
[2.265s] [01m[K/root/sam_bot_description/src/joint_control/src/joint_controller.cpp:145:10:[m[K [01;31m[Kerror: [m[Kâ€˜[01m[Kusing SharedPtr = class std::shared_ptr<rclcpp::Publisher<sensor_msgs::msg::JointState_<std::allocator<void> > > >[m[Kâ€™ {aka â€˜[01m[Kclass std::shared_ptr<rclcpp::Publisher<sensor_msgs::msg::JointState_<std::allocator<void> > > >[m[Kâ€™} has no member named â€˜[01m[Kpublish[m[Kâ€™
[2.265s]   145 |     pub_.[01;31m[Kpublish[m[K(joint);
[2.265s]       |          [01;31m[K^~~~~~~[m[K
[3.789s] make[2]: *** [CMakeFiles/joint.dir/build.make:63: CMakeFiles/joint.dir/src/joint_controller.cpp.o] Error 1
[3.790s] make[1]: *** [CMakeFiles/Makefile2:78: CMakeFiles/joint.dir/all] Error 2
[3.790s] make: *** [Makefile:141: all] Error 2
[3.793s] Invoked command in '/root/sam_bot_description/src/joint_control/build/joint_control' returned '2': CMAKE_PREFIX_PATH=/opt/ros/foxy /usr/bin/cmake --build /root/sam_bot_description/src/joint_control/build/joint_control -- -j16 -l16
